2022-05-28 01:55:55,814 [main] INFO  (ContextListener.java:24) - Context listener start working
  2022-05-28 01:56:29,621 [main] INFO  (ContextListener.java:24) - Context listener start working
  2022-05-28 01:59:40,201 [main] INFO  (ContextListener.java:24) - Context listener start working
  2022-05-28 02:00:59,447 [http-nio-8080-exec-4] DEBUG (LogoutCommand.java:19) - Logout finished
  2022-05-28 11:40:25,603 [main] INFO  (ContextListener.java:24) - Context listener start working
  2022-05-28 11:41:46,503 [main] INFO  (ContextListener.java:24) - Context listener start working
  2022-05-28 11:53:25,761 [main] INFO  (ContextListener.java:24) - Context listener start working
  2022-05-28 12:03:48,851 [main] INFO  (ContextListener.java:24) - Context listener start working
  2022-05-28 12:52:20,634 [main] INFO  (ContextListener.java:24) - Context listener start working
  2022-05-28 13:09:24,785 [main] INFO  (ContextListener.java:24) - Context listener start working
  2022-05-28 13:09:25,317 [http-nio-8080-exec-1] DEBUG (LogoutCommand.java:19) - Logout finished
  2022-05-28 13:09:30,887 [http-nio-8080-exec-4] ERROR (DaoReportService.java:137) - Cannot invoke "ua.epam.models.entities.user.IUser.getId()" because the return value of "ua.epam.models.entities.report.IReport.getSpeaker()" is null
  2022-05-28 13:36:03,938 [main] INFO  (ContextListener.java:24) - Context listener start working
  2022-05-28 13:37:17,932 [http-nio-8080-exec-6] ERROR (DaoReportService.java:137) - Cannot invoke "ua.epam.models.entities.user.IUser.getId()" because the return value of "ua.epam.models.entities.report.IReport.getSpeaker()" is null
  2022-05-28 13:39:12,558 [main] INFO  (ContextListener.java:24) - Context listener start working
  2022-05-28 13:39:14,214 [http-nio-8080-exec-1] ERROR (DaoReportService.java:137) - Cannot invoke "ua.epam.models.entities.user.IUser.getId()" because the return value of "ua.epam.models.entities.report.IReport.getSpeaker()" is null
  2022-05-28 13:39:17,907 [http-nio-8080-exec-2] DEBUG (LogoutCommand.java:19) - Logout finished
  2022-05-28 13:39:22,246 [http-nio-8080-exec-5] ERROR (DaoReportService.java:137) - Cannot invoke "ua.epam.models.entities.user.IUser.getId()" because the return value of "ua.epam.models.entities.report.IReport.getSpeaker()" is null
  2022-05-28 13:39:51,123 [main] INFO  (ContextListener.java:24) - Context listener start working
  2022-05-28 13:39:54,446 [http-nio-8080-exec-2] ERROR (DaoReportService.java:137) - Cannot invoke "ua.epam.models.entities.user.IUser.getId()" because the return value of "ua.epam.models.entities.report.IReport.getSpeaker()" is null
  2022-05-28 13:40:07,018 [main] INFO  (ContextListener.java:24) - Context listener start working
  2022-05-28 13:40:21,539 [main] INFO  (ContextListener.java:24) - Context listener start working
  2022-05-28 13:40:22,792 [http-nio-8080-exec-1] ERROR (DaoReportService.java:137) - Cannot invoke "ua.epam.models.entities.user.IUser.getId()" because the return value of "ua.epam.models.entities.report.IReport.getSpeaker()" is null
  2022-05-28 13:41:03,997 [main] INFO  (ContextListener.java:24) - Context listener start working
  2022-05-28 13:41:07,050 [http-nio-8080-exec-1] ERROR (DaoReportService.java:137) - Cannot invoke "ua.epam.models.entities.user.IUser.getId()" because the return value of "ua.epam.models.entities.report.IReport.getSpeaker()" is null
  2022-05-28 13:46:51,131 [main] INFO  (ContextListener.java:24) - Context listener start working
  2022-05-28 13:46:51,952 [http-nio-8080-exec-2] ERROR (DaoReportService.java:137) - Cannot invoke "ua.epam.models.entities.user.IUser.getId()" because the return value of "ua.epam.models.entities.report.IReport.getSpeaker()" is null
  2022-05-28 13:47:46,986 [main] INFO  (ContextListener.java:24) - Context listener start working
  2022-05-28 13:47:48,956 [http-nio-8080-exec-1] ERROR (DaoReportService.java:137) - Cannot invoke "ua.epam.models.entities.user.IUser.getId()" because the return value of "ua.epam.models.entities.report.IReport.getSpeaker()" is null
  2022-05-28 13:48:08,692 [main] INFO  (ContextListener.java:24) - Context listener start working
  2022-05-28 13:48:12,643 [http-nio-8080-exec-1] ERROR (DaoReportService.java:137) - Cannot invoke "ua.epam.models.entities.user.IUser.getId()" because the return value of "ua.epam.models.entities.report.IReport.getSpeaker()" is null
  2022-05-28 13:48:40,849 [main] INFO  (ContextListener.java:24) - Context listener start working
  2022-05-28 13:48:41,865 [http-nio-8080-exec-1] ERROR (DaoReportService.java:137) - Cannot invoke "ua.epam.models.entities.user.IUser.getId()" because the return value of "ua.epam.models.entities.report.IReport.getSpeaker()" is null
  2022-05-28 13:49:28,915 [main] INFO  (ContextListener.java:24) - Context listener start working
  2022-05-28 13:49:29,528 [http-nio-8080-exec-1] ERROR (DaoReportService.java:137) - Cannot invoke "ua.epam.models.entities.user.IUser.getId()" because the return value of "ua.epam.models.entities.report.IReport.getSpeaker()" is null
  2022-05-28 13:50:05,094 [main] INFO  (ContextListener.java:24) - Context listener start working
  2022-05-28 13:50:13,260 [http-nio-8080-exec-1] ERROR (DaoReportService.java:137) - Cannot invoke "ua.epam.models.entities.user.IUser.getId()" because the return value of "ua.epam.models.entities.report.IReport.getSpeaker()" is null
  2022-05-28 13:50:21,422 [main] INFO  (ContextListener.java:24) - Context listener start working
  2022-05-28 13:50:37,708 [http-nio-8080-exec-1] ERROR (DaoReportService.java:137) - Cannot invoke "ua.epam.models.entities.user.IUser.getId()" because the return value of "ua.epam.models.entities.report.IReport.getSpeaker()" is null
  2022-05-28 13:57:13,215 [main] INFO  (ContextListener.java:24) - Context listener start working
  2022-05-28 13:57:23,058 [http-nio-8080-exec-1] DEBUG (LogoutCommand.java:19) - Logout finished
  2022-05-28 13:58:19,689 [main] INFO  (ContextListener.java:24) - Context listener start working
  2022-05-28 14:00:38,142 [main] INFO  (ContextListener.java:24) - Context listener start working
  2022-05-28 14:02:01,204 [main] INFO  (ContextListener.java:24) - Context listener start working
  2022-05-28 14:03:25,614 [main] INFO  (ContextListener.java:24) - Context listener start working
  2022-05-28 14:04:38,426 [main] INFO  (ContextListener.java:24) - Context listener start working
  2022-05-28 14:38:53,555 [main] INFO  (ContextListener.java:24) - Context listener start working
  2022-05-28 14:39:11,098 [http-nio-8080-exec-2] ERROR (AuthFilter.java:69) - Cannot invoke "ua.epam.models.entities.user.IUser.getId()" because "user" is null
  2022-05-28 14:39:38,352 [main] INFO  (ContextListener.java:24) - Context listener start working
  2022-05-28 14:40:19,742 [main] INFO  (ContextListener.java:24) - Context listener start working
  2022-05-28 14:45:13,887 [main] INFO  (ContextListener.java:24) - Context listener start working
  2022-05-28 14:45:18,286 [http-nio-8080-exec-2] ERROR (ReportDao.java:113) - Cannot add or update a child row: a foreign key constraint fails (`conferences`.`report_table`, CONSTRAINT `report_event_id` FOREIGN KEY (`report_event_id`) REFERENCES `event_table` (`event_id`))
  2022-05-28 14:45:22,851 [http-nio-8080-exec-3] ERROR (ReportDao.java:113) - Cannot add or update a child row: a foreign key constraint fails (`conferences`.`report_table`, CONSTRAINT `report_event_id` FOREIGN KEY (`report_event_id`) REFERENCES `event_table` (`event_id`))
  2022-05-28 14:45:25,321 [http-nio-8080-exec-4] ERROR (ReportDao.java:113) - Cannot add or update a child row: a foreign key constraint fails (`conferences`.`report_table`, CONSTRAINT `report_event_id` FOREIGN KEY (`report_event_id`) REFERENCES `event_table` (`event_id`))
  2022-05-28 14:45:35,775 [main] INFO  (ContextListener.java:24) - Context listener start working
  2022-05-28 14:46:29,893 [main] INFO  (ContextListener.java:24) - Context listener start working
  2022-05-28 14:46:35,392 [http-nio-8080-exec-2] ERROR (ReportDao.java:113) - Cannot add or update a child row: a foreign key constraint fails (`conferences`.`report_table`, CONSTRAINT `report_event_id` FOREIGN KEY (`report_event_id`) REFERENCES `event_table` (`event_id`))
  2022-05-28 14:46:41,348 [http-nio-8080-exec-4] ERROR (ReportDao.java:113) - Cannot add or update a child row: a foreign key constraint fails (`conferences`.`report_table`, CONSTRAINT `report_event_id` FOREIGN KEY (`report_event_id`) REFERENCES `event_table` (`event_id`))
  2022-05-28 14:47:12,563 [main] INFO  (ContextListener.java:24) - Context listener start working
  2022-05-28 14:47:14,916 [http-nio-8080-exec-1] ERROR (ReportDao.java:113) - Cannot add or update a child row: a foreign key constraint fails (`conferences`.`report_table`, CONSTRAINT `report_event_id` FOREIGN KEY (`report_event_id`) REFERENCES `event_table` (`event_id`))
  2022-05-28 14:47:20,146 [http-nio-8080-exec-2] DEBUG (LogoutCommand.java:19) - Logout finished
  2022-05-28 14:47:27,919 [http-nio-8080-exec-6] ERROR (ReportDao.java:113) - Cannot add or update a child row: a foreign key constraint fails (`conferences`.`report_table`, CONSTRAINT `report_event_id` FOREIGN KEY (`report_event_id`) REFERENCES `event_table` (`event_id`))
  2022-05-28 14:47:44,137 [main] INFO  (ContextListener.java:24) - Context listener start working
  2022-05-28 14:50:32,546 [main] INFO  (ContextListener.java:24) - Context listener start working
  2022-05-28 14:52:27,327 [main] INFO  (ContextListener.java:24) - Context listener start working
  2022-05-28 14:57:40,249 [main] INFO  (ContextListener.java:24) - Context listener start working
  2022-05-28 15:10:32,384 [main] INFO  (ContextListener.java:24) - Context listener start working
  2022-05-28 15:19:39,984 [main] INFO  (ContextListener.java:24) - Context listener start working
  2022-05-28 15:19:41,496 [http-nio-8080-exec-1] ERROR (ReportDao.java:113) - Cannot add or update a child row: a foreign key constraint fails (`conferences`.`report_table`, CONSTRAINT `report_event_id` FOREIGN KEY (`report_event_id`) REFERENCES `event_table` (`event_id`))
  2022-05-28 15:20:40,281 [main] INFO  (ContextListener.java:24) - Context listener start working
  2022-05-28 15:20:40,968 [http-nio-8080-exec-1] ERROR (ReportDao.java:113) - Cannot add or update a child row: a foreign key constraint fails (`conferences`.`report_table`, CONSTRAINT `report_event_id` FOREIGN KEY (`report_event_id`) REFERENCES `event_table` (`event_id`))
  2022-05-28 15:22:50,799 [http-nio-8080-exec-3] DEBUG (LogoutCommand.java:19) - Logout finished
  2022-05-28 15:22:56,782 [http-nio-8080-exec-6] ERROR (AuthFilter.java:69) - Cannot invoke "ua.epam.models.entities.user.IUser.getId()" because "user" is null
  2022-05-28 15:23:45,695 [main] INFO  (ContextListener.java:24) - Context listener start working
  2022-05-28 15:25:19,266 [http-nio-8080-exec-6] ERROR (DaoReportService.java:137) - Cannot invoke "ua.epam.models.entities.user.IUser.getId()" because the return value of "ua.epam.models.entities.report.IReport.getSpeaker()" is null
  2022-05-28 15:29:35,137 [main] INFO  (ContextListener.java:24) - Context listener start working
  2022-05-28 15:29:35,745 [http-nio-8080-exec-1] DEBUG (LogoutCommand.java:19) - Logout finished
  2022-05-28 15:30:34,975 [http-nio-8080-exec-7] ERROR (DaoReportService.java:137) - Cannot invoke "ua.epam.models.entities.user.IUser.getId()" because the return value of "ua.epam.models.entities.report.IReport.getSpeaker()" is null
  2022-05-28 15:31:22,083 [main] INFO  (ContextListener.java:24) - Context listener start working
  2022-05-28 15:32:43,479 [main] INFO  (ContextListener.java:24) - Context listener start working
  2022-05-28 15:35:36,050 [main] INFO  (ContextListener.java:24) - Context listener start working
  2022-05-28 15:35:36,632 [http-nio-8080-exec-1] ERROR (AuthFilter.java:69) - Cannot parse null string
  2022-05-28 15:35:39,772 [http-nio-8080-exec-2] ERROR (AuthFilter.java:69) - Cannot parse null string
  2022-05-28 15:36:03,482 [main] INFO  (ContextListener.java:24) - Context listener start working
  2022-05-28 15:37:26,610 [main] INFO  (ContextListener.java:24) - Context listener start working
  2022-05-28 15:38:16,600 [main] INFO  (ContextListener.java:24) - Context listener start working
  2022-05-28 15:38:21,011 [http-nio-8080-exec-1] ERROR (AuthFilter.java:69) - Cannot parse null string
  2022-05-28 15:38:21,442 [http-nio-8080-exec-2] ERROR (AuthFilter.java:69) - Cannot parse null string
  2022-05-28 15:38:37,189 [http-nio-8080-exec-4] ERROR (DaoReportService.java:137) - Cannot invoke "ua.epam.models.entities.user.IUser.getId()" because the return value of "ua.epam.models.entities.report.IReport.getSpeaker()" is null
  2022-05-28 15:38:49,384 [http-nio-8080-exec-5] ERROR (DaoReportService.java:137) - Cannot invoke "ua.epam.models.entities.user.IUser.getId()" because the return value of "ua.epam.models.entities.report.IReport.getSpeaker()" is null
  2022-05-28 15:41:03,766 [main] INFO  (ContextListener.java:24) - Context listener start working
  2022-05-28 15:41:15,436 [http-nio-8080-exec-3] ERROR (DaoReportService.java:137) - Cannot invoke "ua.epam.models.entities.user.IUser.getId()" because the return value of "ua.epam.models.entities.report.IReport.getSpeaker()" is null
  2022-05-28 15:42:03,044 [main] INFO  (ContextListener.java:24) - Context listener start working
  2022-05-28 15:42:05,577 [http-nio-8080-exec-2] ERROR (DaoReportService.java:137) - Cannot invoke "ua.epam.models.entities.user.IUser.getId()" because the return value of "ua.epam.models.entities.report.IReport.getSpeaker()" is null
  2022-05-28 15:42:43,002 [http-nio-8080-exec-6] ERROR (DaoReportService.java:137) - Cannot invoke "ua.epam.models.entities.user.IUser.getId()" because the return value of "ua.epam.models.entities.report.IReport.getSpeaker()" is null
  2022-05-28 15:43:20,556 [main] INFO  (ContextListener.java:24) - Context listener start working
  2022-05-28 15:43:24,653 [http-nio-8080-exec-1] ERROR (DaoReportService.java:137) - Cannot invoke "ua.epam.models.entities.user.IUser.getId()" because the return value of "ua.epam.models.entities.report.IReport.getSpeaker()" is null
  2022-05-28 15:46:07,425 [main] INFO  (ContextListener.java:24) - Context listener start working
  2022-05-28 15:46:38,230 [http-nio-8080-exec-3] ERROR (DaoReportService.java:137) - Cannot invoke "ua.epam.models.entities.user.IUser.getId()" because the return value of "ua.epam.models.entities.report.IReport.getSpeaker()" is null
  2022-05-28 15:46:38,232 [http-nio-8080-exec-3] ERROR (AuthFilter.java:69) - class java.lang.Integer cannot be cast to class java.lang.String (java.lang.Integer and java.lang.String are in module java.base of loader 'bootstrap')
  2022-05-28 15:47:00,191 [http-nio-8080-exec-4] ERROR (DaoReportService.java:137) - Cannot invoke "ua.epam.models.entities.user.IUser.getId()" because the return value of "ua.epam.models.entities.report.IReport.getSpeaker()" is null
  2022-05-28 15:47:30,578 [main] INFO  (ContextListener.java:24) - Context listener start working
  2022-05-28 15:47:32,897 [http-nio-8080-exec-1] ERROR (DaoReportService.java:137) - Cannot invoke "ua.epam.models.entities.user.IUser.getId()" because the return value of "ua.epam.models.entities.report.IReport.getSpeaker()" is null
  2022-05-28 15:50:23,571 [http-nio-8080-exec-5] DEBUG (LogoutCommand.java:19) - Logout finished
  2022-05-28 15:51:10,205 [main] INFO  (ContextListener.java:24) - Context listener start working
  2022-05-28 15:54:01,657 [http-nio-8080-exec-5] ERROR (DaoReportService.java:137) - Cannot invoke "ua.epam.models.entities.user.IUser.getId()" because the return value of "ua.epam.models.entities.report.IReport.getSpeaker()" is null
  2022-05-28 15:55:51,267 [http-nio-8080-exec-7] ERROR (DaoReportService.java:137) - Cannot invoke "ua.epam.models.entities.user.IUser.getId()" because the return value of "ua.epam.models.entities.report.IReport.getSpeaker()" is null
  2022-05-28 15:56:44,360 [http-nio-8080-exec-9] ERROR (DaoReportService.java:137) - Cannot invoke "ua.epam.models.entities.user.IUser.getId()" because the return value of "ua.epam.models.entities.report.IReport.getSpeaker()" is null
  2022-05-28 15:57:45,142 [main] INFO  (ContextListener.java:24) - Context listener start working
  2022-05-28 15:59:25,703 [main] INFO  (ContextListener.java:24) - Context listener start working
  2022-05-28 15:59:46,339 [http-nio-8080-exec-2] ERROR (ReportDao.java:128) - Unknown column 'user_id' in 'where clause'
  2022-05-28 16:01:34,944 [main] INFO  (ContextListener.java:24) - Context listener start working
  2022-05-28 16:01:54,363 [http-nio-8080-exec-1] ERROR (ReportDao.java:128) - Cannot add or update a child row: a foreign key constraint fails (`conferences`.`report_table`, CONSTRAINT `report_event_id` FOREIGN KEY (`report_event_id`) REFERENCES `event_table` (`event_id`))
  2022-05-28 16:02:31,989 [main] INFO  (ContextListener.java:24) - Context listener start working
  2022-05-28 16:02:39,528 [http-nio-8080-exec-3] ERROR (ReportDao.java:128) - Cannot add or update a child row: a foreign key constraint fails (`conferences`.`report_table`, CONSTRAINT `report_event_id` FOREIGN KEY (`report_event_id`) REFERENCES `event_table` (`event_id`))
  2022-05-28 16:07:54,963 [main] INFO  (ContextListener.java:24) - Context listener start working
  2022-05-28 16:08:48,798 [http-nio-8080-exec-8] ERROR (AuthFilter.java:69) - Cannot parse null string
  2022-05-28 16:09:20,217 [main] INFO  (ContextListener.java:24) - Context listener start working
  2022-05-28 16:09:29,894 [http-nio-8080-exec-1] ERROR (AuthFilter.java:69) - Cannot parse null string
  2022-05-28 16:09:34,486 [main] INFO  (ContextListener.java:24) - Context listener start working
  2022-05-28 16:09:44,284 [http-nio-8080-exec-5] ERROR (AuthFilter.java:69) - Cannot invoke "ua.epam.models.entities.user.IUser.getId()" because "user" is null
  2022-05-28 16:11:59,748 [http-nio-8080-exec-7] ERROR (AuthFilter.java:69) - Cannot invoke "ua.epam.models.entities.user.IUser.getId()" because "user" is null
  2022-05-28 16:14:14,265 [main] INFO  (ContextListener.java:24) - Context listener start working
  2022-05-28 16:15:08,143 [main] INFO  (ContextListener.java:24) - Context listener start working
  2022-05-28 16:15:21,840 [http-nio-8080-exec-1] ERROR (AuthFilter.java:69) - Cannot parse null string
  2022-05-28 16:15:25,034 [http-nio-8080-exec-2] DEBUG (LogoutCommand.java:19) - Logout finished
  2022-05-28 16:16:00,703 [http-nio-8080-exec-7] ERROR (AuthFilter.java:69) - Cannot parse null string
  2022-05-28 16:16:55,426 [main] INFO  (ContextListener.java:24) - Context listener start working
  2022-05-28 16:17:14,876 [http-nio-8080-exec-2] ERROR (AuthFilter.java:69) - Cannot parse null string
  2022-05-28 16:17:52,772 [main] INFO  (ContextListener.java:24) - Context listener start working
  2022-05-28 16:21:01,881 [http-nio-8080-exec-3] ERROR (AuthFilter.java:69) - Cannot parse null string
  2022-05-28 16:21:21,355 [main] INFO  (ContextListener.java:24) - Context listener start working
  2022-05-28 16:21:39,778 [main] INFO  (ContextListener.java:24) - Context listener start working
  2022-05-28 16:22:50,467 [main] INFO  (ContextListener.java:24) - Context listener start working
  2022-05-28 16:50:31,235 [main] INFO  (ContextListener.java:24) - Context listener start working
  2022-05-28 16:55:24,387 [main] INFO  (ContextListener.java:24) - Context listener start working
  2022-05-28 16:55:44,268 [main] INFO  (ContextListener.java:24) - Context listener start working
  2022-05-28 17:01:39,691 [main] INFO  (ContextListener.java:24) - Context listener start working
  2022-05-28 17:03:50,173 [main] INFO  (ContextListener.java:24) - Context listener start working
  2022-05-28 17:06:23,900 [main] INFO  (ContextListener.java:24) - Context listener start working
  2022-05-28 17:06:38,701 [main] INFO  (ContextListener.java:24) - Context listener start working
  2022-05-28 17:07:39,137 [main] INFO  (ContextListener.java:24) - Context listener start working
  2022-05-28 17:07:53,168 [main] INFO  (ContextListener.java:24) - Context listener start working
  2022-05-28 17:07:59,030 [http-nio-8080-exec-2] ERROR (AuthFilter.java:69) - Cannot invoke "ua.epam.models.entities.user.IUser.getId()" because "user" is null
  2022-05-28 17:08:03,856 [main] INFO  (ContextListener.java:24) - Context listener start working
  2022-05-28 17:11:12,076 [main] INFO  (ContextListener.java:24) - Context listener start working
  2022-05-28 17:26:01,961 [main] INFO  (ContextListener.java:24) - Context listener start working
  2022-05-28 17:26:12,362 [main] INFO  (ContextListener.java:24) - Context listener start working
  2022-05-28 17:35:29,943 [main] INFO  (ContextListener.java:24) - Context listener start working
  2022-05-28 17:35:30,519 [http-nio-8080-exec-1] DEBUG (LogoutCommand.java:19) - Logout finished
  2022-05-28 17:49:07,313 [main] INFO  (ContextListener.java:24) - Context listener start working
  2022-05-28 17:49:08,813 [http-nio-8080-exec-1] DEBUG (LogoutCommand.java:19) - Logout finished
  2022-05-28 17:53:25,923 [main] INFO  (ContextListener.java:24) - Context listener start working
  2022-05-28 17:53:26,524 [http-nio-8080-exec-1] DEBUG (LogoutCommand.java:19) - Logout finished
  2022-05-28 17:53:32,752 [http-nio-8080-exec-3] DEBUG (LogoutCommand.java:19) - Logout finished
  2022-05-28 17:53:37,908 [http-nio-8080-exec-5] DEBUG (LogoutCommand.java:19) - Logout finished
  2022-05-28 17:53:54,092 [http-nio-8080-exec-9] ERROR (AuthFilter.java:69) - For input string: ""
  2022-05-28 17:55:19,408 [main] INFO  (ContextListener.java:24) - Context listener start working
  2022-05-28 18:01:11,422 [main] INFO  (ContextListener.java:24) - Context listener start working
  2022-05-28 18:01:54,717 [http-nio-8080-exec-9] ERROR (AuthFilter.java:69) - Cannot invoke "ua.epam.models.entities.user.IUser.getId()" because "user" is null
  2022-05-28 18:02:21,527 [main] INFO  (ContextListener.java:24) - Context listener start working
  2022-05-28 18:29:16,509 [main] INFO  (ContextListener.java:24) - Context listener start working
  2022-05-28 19:17:21,520 [main] INFO  (ContextListener.java:24) - Context listener start working
  2022-05-28 19:28:51,490 [main] INFO  (ContextListener.java:24) - Context listener start working
  2022-05-28 19:29:02,751 [http-nio-8080-exec-4] ERROR (EventDao.java:105) - Cannot delete or update a parent row: a foreign key constraint fails (`conferences`.`report_table`, CONSTRAINT `report_event_id` FOREIGN KEY (`report_event_id`) REFERENCES `event_table` (`event_id`))
  2022-05-28 19:29:04,732 [http-nio-8080-exec-5] ERROR (EventDao.java:105) - Cannot delete or update a parent row: a foreign key constraint fails (`conferences`.`report_table`, CONSTRAINT `report_event_id` FOREIGN KEY (`report_event_id`) REFERENCES `event_table` (`event_id`))
  2022-05-28 19:29:43,257 [main] INFO  (ContextListener.java:24) - Context listener start working
  2022-05-28 19:30:08,227 [http-nio-8080-exec-1] ERROR (EventDao.java:105) - Cannot delete or update a parent row: a foreign key constraint fails (`conferences`.`report_table`, CONSTRAINT `report_event_id` FOREIGN KEY (`report_event_id`) REFERENCES `event_table` (`event_id`))
  2022-05-28 19:30:27,662 [http-nio-8080-exec-2] ERROR (EventDao.java:105) - Cannot delete or update a parent row: a foreign key constraint fails (`conferences`.`report_table`, CONSTRAINT `report_event_id` FOREIGN KEY (`report_event_id`) REFERENCES `event_table` (`event_id`))
  2022-05-28 19:30:59,717 [http-nio-8080-exec-3] ERROR (EventDao.java:105) - Cannot delete or update a parent row: a foreign key constraint fails (`conferences`.`report_table`, CONSTRAINT `report_event_id` FOREIGN KEY (`report_event_id`) REFERENCES `event_table` (`event_id`))
  2022-05-28 19:31:10,935 [http-nio-8080-exec-4] ERROR (EventDao.java:105) - Cannot delete or update a parent row: a foreign key constraint fails (`conferences`.`report_table`, CONSTRAINT `report_event_id` FOREIGN KEY (`report_event_id`) REFERENCES `event_table` (`event_id`))
  2022-05-28 19:53:53,487 [main] INFO  (ContextListener.java:24) - Context listener start working
  2022-05-28 20:03:17,874 [main] INFO  (ContextListener.java:24) - Context listener start working
  2022-05-28 20:05:14,947 [main] INFO  (ContextListener.java:24) - Context listener start working
  2022-05-28 20:05:17,698 [http-nio-8080-exec-2] ERROR (AuthFilter.java:69) - Cannot invoke "ua.epam.controller.commands.ICommand.execute(javax.servlet.http.HttpServletRequest, javax.servlet.http.HttpServletResponse)" because "ic" is null
  2022-05-28 20:05:28,178 [main] INFO  (ContextListener.java:24) - Context listener start working
  2022-05-28 20:05:32,723 [http-nio-8080-exec-1] ERROR (AuthFilter.java:69) - Cannot invoke "ua.epam.controller.commands.ICommand.execute(javax.servlet.http.HttpServletRequest, javax.servlet.http.HttpServletResponse)" because "ic" is null
  2022-05-28 20:05:59,930 [main] INFO  (ContextListener.java:24) - Context listener start working
  2022-05-28 20:06:28,038 [http-nio-8080-exec-4] ERROR (AuthFilter.java:69) - Cannot parse null string
  2022-05-28 20:07:22,463 [http-nio-8080-exec-6] ERROR (AuthFilter.java:69) - Cannot parse null string
  2022-05-28 20:07:26,715 [http-nio-8080-exec-7] ERROR (AuthFilter.java:69) - Cannot parse null string
  2022-05-28 20:07:44,682 [main] INFO  (ContextListener.java:24) - Context listener start working
  2022-05-28 20:08:23,395 [main] INFO  (ContextListener.java:24) - Context listener start working
  2022-05-28 20:08:46,885 [main] INFO  (ContextListener.java:24) - Context listener start working
  2022-05-28 20:09:22,344 [main] INFO  (ContextListener.java:24) - Context listener start working
  2022-05-28 20:18:39,278 [main] INFO  (ContextListener.java:24) - Context listener start working
  2022-05-28 20:19:54,452 [main] INFO  (ContextListener.java:24) - Context listener start working
  2022-05-28 20:21:38,160 [main] INFO  (ContextListener.java:24) - Context listener start working
  2022-05-28 20:21:54,356 [main] INFO  (ContextListener.java:24) - Context listener start working
  2022-05-28 20:22:42,001 [main] INFO  (ContextListener.java:24) - Context listener start working
  2022-05-28 20:23:26,462 [main] INFO  (ContextListener.java:24) - Context listener start working
  2022-05-28 20:23:33,820 [http-nio-8080-exec-2] ERROR (AuthFilter.java:69) - Cannot invoke "ua.epam.models.entities.user.IUser.getId()" because "user" is null
  2022-05-28 20:23:40,451 [main] INFO  (ContextListener.java:24) - Context listener start working
  2022-05-28 20:24:22,511 [main] INFO  (ContextListener.java:24) - Context listener start working
  2022-05-28 21:14:09,811 [main] INFO  (ContextListener.java:24) - Context listener start working
  2022-05-28 21:20:27,355 [main] INFO  (ContextListener.java:24) - Context listener start working
  2022-05-28 21:20:39,230 [main] INFO  (ContextListener.java:24) - Context listener start working
  2022-05-28 21:20:47,553 [http-nio-8080-exec-2] ERROR (AuthFilter.java:69) - Cannot parse null string
  2022-05-28 21:20:54,131 [main] INFO  (ContextListener.java:24) - Context listener start working
  2022-05-28 21:28:20,234 [main] INFO  (ContextListener.java:24) - Context listener start working
  2022-05-28 21:28:27,393 [http-nio-8080-exec-3] ERROR (AuthFilter.java:69) - For input string: ""
  2022-05-28 21:28:38,936 [main] INFO  (ContextListener.java:24) - Context listener start working
  2022-05-28 21:29:41,051 [main] INFO  (ContextListener.java:24) - Context listener start working
  2022-05-28 21:29:51,386 [http-nio-8080-exec-2] ERROR (AuthFilter.java:69) - For input string: ""
  2022-05-28 21:30:39,236 [main] INFO  (ContextListener.java:24) - Context listener start working
  2022-05-28 21:30:43,144 [http-nio-8080-exec-1] ERROR (AuthFilter.java:69) - For input string: ""
  2022-05-28 21:31:17,413 [main] INFO  (ContextListener.java:24) - Context listener start working
  2022-05-28 21:31:44,923 [http-nio-8080-exec-6] ERROR (AuthFilter.java:69) - For input string: ""
  2022-05-28 21:31:56,663 [main] INFO  (ContextListener.java:24) - Context listener start working
  2022-05-28 21:32:05,156 [http-nio-8080-exec-2] ERROR (AuthFilter.java:69) - For input string: ""
  2022-05-28 21:32:09,747 [main] INFO  (ContextListener.java:24) - Context listener start working
  2022-05-28 21:38:58,038 [http-nio-8080-exec-1] ERROR (AuthFilter.java:69) - For input string: ""
  2022-05-28 21:39:01,871 [http-nio-8080-exec-2] ERROR (AuthFilter.java:69) - For input string: ""
  2022-05-28 21:40:02,568 [main] INFO  (ContextListener.java:24) - Context listener start working
  2022-05-28 21:43:50,825 [main] INFO  (ContextListener.java:24) - Context listener start working
  2022-05-28 21:43:56,168 [main] INFO  (ContextListener.java:24) - Context listener start working
  2022-05-28 21:44:01,395 [main] INFO  (ContextListener.java:24) - Context listener start working
  2022-05-28 21:44:06,850 [main] INFO  (ContextListener.java:24) - Context listener start working
  2022-05-28 21:48:26,059 [main] INFO  (ContextListener.java:24) - Context listener start working
  2022-05-28 21:49:54,991 [main] INFO  (ContextListener.java:24) - Context listener start working
  2022-05-28 21:50:14,002 [main] INFO  (ContextListener.java:24) - Context listener start working
  2022-05-28 21:52:26,907 [main] INFO  (ContextListener.java:24) - Context listener start working
  2022-05-28 21:52:27,512 [http-nio-8080-exec-1] ERROR (AuthFilter.java:69) - Cannot parse null string
  2022-05-28 21:52:30,137 [http-nio-8080-exec-2] ERROR (AuthFilter.java:69) - Cannot parse null string
  2022-05-28 21:52:37,228 [main] INFO  (ContextListener.java:24) - Context listener start working
  2022-05-28 21:53:02,891 [main] INFO  (ContextListener.java:24) - Context listener start working
  2022-05-28 21:53:06,004 [http-nio-8080-exec-1] ERROR (AuthFilter.java:69) - Cannot invoke "String.isEmpty()" because "login" is null
  2022-05-28 21:53:35,088 [http-nio-8080-exec-9] ERROR (AuthFilter.java:69) - Cannot invoke "String.isEmpty()" because "login" is null
  2022-05-28 21:53:55,379 [main] INFO  (ContextListener.java:24) - Context listener start working
  2022-05-28 21:54:48,132 [http-nio-8080-exec-1] ERROR (AuthFilter.java:69) - Cannot invoke "String.isEmpty()" because "login" is null
  2022-05-28 21:55:16,579 [main] INFO  (ContextListener.java:24) - Context listener start working
  2022-05-28 21:55:55,580 [main] INFO  (ContextListener.java:24) - Context listener start working
  2022-05-28 21:56:41,967 [main] INFO  (ContextListener.java:24) - Context listener start working
  2022-05-28 21:57:17,361 [main] INFO  (ContextListener.java:24) - Context listener start working
  2022-05-28 22:00:45,853 [main] INFO  (ContextListener.java:24) - Context listener start working
  2022-05-28 22:01:50,423 [main] INFO  (ContextListener.java:24) - Context listener start working
  2022-05-28 22:10:03,329 [http-nio-8080-exec-3] DEBUG (LogoutCommand.java:19) - Logout finished
  2022-05-28 22:10:40,300 [http-nio-8080-exec-6] DEBUG (LogoutCommand.java:19) - Logout finished
  2022-05-28 22:11:09,579 [http-nio-8080-exec-10] DEBUG (LogoutCommand.java:19) - Logout finished
  