2022-05-25 15:58:41,146 [main] INFO  (ContextListener.java:24) - Context listener start working
  2022-05-25 15:59:35,673 [main] INFO  (ContextListener.java:24) - Context listener start working
  2022-05-25 16:00:11,533 [main] INFO  (ContextListener.java:24) - Context listener start working
  2022-05-25 16:01:18,397 [main] INFO  (ContextListener.java:24) - Context listener start working
  2022-05-25 16:03:42,737 [main] INFO  (ContextListener.java:24) - Context listener start working
  2022-05-25 16:05:08,328 [main] INFO  (ContextListener.java:24) - Context listener start working
  2022-05-25 16:07:32,040 [main] INFO  (ContextListener.java:24) - Context listener start working
  2022-05-25 16:07:50,743 [main] INFO  (ContextListener.java:24) - Context listener start working
  2022-05-25 16:08:03,090 [main] INFO  (ContextListener.java:24) - Context listener start working
  2022-05-25 16:08:38,107 [main] INFO  (ContextListener.java:24) - Context listener start working
  2022-05-25 16:08:53,870 [main] INFO  (ContextListener.java:24) - Context listener start working
  2022-05-25 16:09:49,911 [main] INFO  (ContextListener.java:24) - Context listener start working
  2022-05-25 16:10:12,463 [main] INFO  (ContextListener.java:24) - Context listener start working
  2022-05-25 16:12:05,704 [main] INFO  (ContextListener.java:24) - Context listener start working
  2022-05-25 16:12:53,501 [main] INFO  (ContextListener.java:24) - Context listener start working
  2022-05-25 16:20:50,289 [main] INFO  (ContextListener.java:24) - Context listener start working
  2022-05-25 16:22:52,171 [main] INFO  (ContextListener.java:24) - Context listener start working
  2022-05-25 16:26:03,880 [main] INFO  (ContextListener.java:24) - Context listener start working
  2022-05-25 16:26:20,489 [main] INFO  (ContextListener.java:24) - Context listener start working
  2022-05-25 16:26:31,813 [main] INFO  (ContextListener.java:24) - Context listener start working
  2022-05-25 16:26:44,293 [main] INFO  (ContextListener.java:24) - Context listener start working
  2022-05-25 16:27:06,858 [main] INFO  (ContextListener.java:24) - Context listener start working
  2022-05-25 16:30:30,509 [main] INFO  (ContextListener.java:24) - Context listener start working
  2022-05-25 16:30:42,572 [main] INFO  (ContextListener.java:24) - Context listener start working
  2022-05-25 16:31:14,274 [main] INFO  (ContextListener.java:24) - Context listener start working
  2022-05-25 16:31:26,801 [main] INFO  (ContextListener.java:24) - Context listener start working
  2022-05-25 16:31:57,148 [main] INFO  (ContextListener.java:24) - Context listener start working
  2022-05-25 16:32:16,982 [main] INFO  (ContextListener.java:24) - Context listener start working
  2022-05-25 16:33:01,035 [main] INFO  (ContextListener.java:24) - Context listener start working
  2022-05-25 16:33:29,753 [main] INFO  (ContextListener.java:24) - Context listener start working
  2022-05-25 16:35:18,876 [main] INFO  (ContextListener.java:24) - Context listener start working
  2022-05-25 16:35:46,442 [main] INFO  (ContextListener.java:24) - Context listener start working
  2022-05-25 16:38:02,803 [main] INFO  (ContextListener.java:24) - Context listener start working
  2022-05-25 16:38:16,696 [main] INFO  (ContextListener.java:24) - Context listener start working
  2022-05-25 16:38:41,035 [http-nio-8080-exec-2] DEBUG (LogoutCommand.java:19) - Logout finished
  2022-05-25 16:39:40,836 [main] INFO  (ContextListener.java:24) - Context listener start working
  2022-05-25 16:40:06,431 [main] INFO  (ContextListener.java:24) - Context listener start working
  2022-05-25 16:42:12,403 [main] INFO  (ContextListener.java:24) - Context listener start working
  2022-05-25 16:42:29,056 [main] INFO  (ContextListener.java:24) - Context listener start working
  2022-05-25 16:43:06,937 [main] INFO  (ContextListener.java:24) - Context listener start working
  2022-05-25 16:45:45,040 [main] INFO  (ContextListener.java:24) - Context listener start working
  2022-05-25 16:46:13,856 [main] INFO  (ContextListener.java:24) - Context listener start working
  2022-05-25 16:48:25,917 [main] INFO  (ContextListener.java:24) - Context listener start working
  2022-05-25 16:50:42,872 [main] INFO  (ContextListener.java:24) - Context listener start working
  2022-05-25 16:50:51,532 [main] INFO  (ContextListener.java:24) - Context listener start working
  2022-05-25 16:51:15,689 [http-nio-8080-exec-2] DEBUG (LogoutCommand.java:19) - Logout finished
  2022-05-25 16:51:43,019 [main] INFO  (ContextListener.java:24) - Context listener start working
  2022-05-25 16:51:49,441 [http-nio-8080-exec-3] DEBUG (LogoutCommand.java:19) - Logout finished
  2022-05-25 16:52:07,214 [main] INFO  (ContextListener.java:24) - Context listener start working
  2022-05-25 16:57:17,802 [main] INFO  (ContextListener.java:24) - Context listener start working
  2022-05-25 16:57:44,733 [main] INFO  (ContextListener.java:24) - Context listener start working
  2022-05-25 16:57:58,966 [main] INFO  (ContextListener.java:24) - Context listener start working
  2022-05-25 16:58:11,951 [main] INFO  (ContextListener.java:24) - Context listener start working
  2022-05-25 16:58:23,009 [main] INFO  (ContextListener.java:24) - Context listener start working
  2022-05-25 16:58:38,153 [main] INFO  (ContextListener.java:24) - Context listener start working
  2022-05-25 16:58:58,231 [main] INFO  (ContextListener.java:24) - Context listener start working
  2022-05-25 16:59:10,048 [main] INFO  (ContextListener.java:24) - Context listener start working
  2022-05-25 16:59:17,184 [main] INFO  (ContextListener.java:24) - Context listener start working
  2022-05-25 16:59:29,297 [main] INFO  (ContextListener.java:24) - Context listener start working
  2022-05-25 16:59:48,285 [main] INFO  (ContextListener.java:24) - Context listener start working
  2022-05-25 17:00:04,844 [main] INFO  (ContextListener.java:24) - Context listener start working
  2022-05-25 17:00:13,119 [main] INFO  (ContextListener.java:24) - Context listener start working
  2022-05-25 17:01:07,386 [main] INFO  (ContextListener.java:24) - Context listener start working
  2022-05-25 17:01:18,725 [main] INFO  (ContextListener.java:24) - Context listener start working
  2022-05-25 17:01:44,655 [main] INFO  (ContextListener.java:24) - Context listener start working
  2022-05-25 17:02:05,024 [main] INFO  (ContextListener.java:24) - Context listener start working
  2022-05-25 17:02:32,690 [main] INFO  (ContextListener.java:24) - Context listener start working
  2022-05-25 17:02:46,208 [main] INFO  (ContextListener.java:24) - Context listener start working
  2022-05-25 17:03:14,720 [main] INFO  (ContextListener.java:24) - Context listener start working
  2022-05-25 17:06:35,017 [main] INFO  (ContextListener.java:24) - Context listener start working
  2022-05-25 17:09:04,478 [main] INFO  (ContextListener.java:24) - Context listener start working
  2022-05-25 17:09:27,065 [main] INFO  (ContextListener.java:24) - Context listener start working
  2022-05-25 17:09:41,010 [main] INFO  (ContextListener.java:24) - Context listener start working
  2022-05-25 17:09:58,363 [main] INFO  (ContextListener.java:24) - Context listener start working
  2022-05-25 17:10:25,361 [main] INFO  (ContextListener.java:24) - Context listener start working
  2022-05-25 17:12:56,412 [main] INFO  (ContextListener.java:24) - Context listener start working
  2022-05-25 17:13:07,413 [main] INFO  (ContextListener.java:24) - Context listener start working
  2022-05-25 17:13:56,145 [main] INFO  (ContextListener.java:24) - Context listener start working
  2022-05-25 17:17:25,270 [main] INFO  (ContextListener.java:24) - Context listener start working
  2022-05-25 17:17:46,952 [main] INFO  (ContextListener.java:24) - Context listener start working
  2022-05-25 17:18:56,305 [main] INFO  (ContextListener.java:24) - Context listener start working
  2022-05-25 17:20:19,605 [main] INFO  (ContextListener.java:24) - Context listener start working
  2022-05-25 17:20:22,471 [http-nio-8080-exec-1] ERROR (Controller.java:35) - /WEB-INF/view/admin/admin_menu.jsp (line: [165], column: [0]) Unterminated [&lt;c:set] tag
  2022-05-25 17:20:33,845 [http-nio-8080-exec-4] ERROR (Controller.java:35) - /WEB-INF/view/admin/admin_menu.jsp (line: [165], column: [0]) Unterminated [&lt;c:set] tag
  2022-05-25 17:20:51,411 [main] INFO  (ContextListener.java:24) - Context listener start working
  2022-05-25 17:25:57,142 [main] INFO  (ContextListener.java:24) - Context listener start working
  2022-05-25 17:27:00,721 [main] INFO  (ContextListener.java:24) - Context listener start working
  2022-05-25 17:27:18,506 [main] INFO  (ContextListener.java:24) - Context listener start working
  2022-05-25 17:27:37,110 [main] INFO  (ContextListener.java:24) - Context listener start working
  2022-05-25 17:28:04,479 [main] INFO  (ContextListener.java:24) - Context listener start working
  2022-05-25 17:31:40,227 [main] INFO  (ContextListener.java:24) - Context listener start working
  2022-05-25 17:32:01,173 [main] INFO  (ContextListener.java:24) - Context listener start working
  2022-05-25 17:32:25,721 [main] INFO  (ContextListener.java:24) - Context listener start working
  2022-05-25 17:32:40,224 [main] INFO  (ContextListener.java:24) - Context listener start working
  2022-05-25 17:34:30,256 [main] INFO  (ContextListener.java:24) - Context listener start working
  2022-05-25 17:35:02,339 [main] INFO  (ContextListener.java:24) - Context listener start working
  2022-05-25 17:35:56,127 [main] INFO  (ContextListener.java:24) - Context listener start working
  2022-05-25 17:36:44,237 [main] INFO  (ContextListener.java:24) - Context listener start working
  2022-05-25 17:40:09,934 [main] INFO  (ContextListener.java:24) - Context listener start working
  2022-05-25 17:40:35,894 [main] INFO  (ContextListener.java:24) - Context listener start working
  2022-05-25 17:40:47,372 [http-nio-8080-exec-1] ERROR (Controller.java:35) - Unable to compile class for JSP: 

An error occurred at line: [51] in the jsp file: [/WEB-INF/view/head.jsp]
title cannot be resolved to a variable
48:   </form>
49: 
50: 
51:   <title style="text-align: center"><%= title %></title>
52: 
53: </div>
54: 


Stacktrace:
  2022-05-25 17:41:42,161 [main] INFO  (ContextListener.java:24) - Context listener start working
  2022-05-25 17:42:23,873 [main] INFO  (ContextListener.java:24) - Context listener start working
  2022-05-25 17:43:36,493 [main] INFO  (ContextListener.java:24) - Context listener start working
  2022-05-25 17:46:45,364 [main] INFO  (ContextListener.java:24) - Context listener start working
  2022-05-25 17:47:03,511 [main] INFO  (ContextListener.java:24) - Context listener start working
  2022-05-25 17:48:20,099 [main] INFO  (ContextListener.java:24) - Context listener start working
  2022-05-25 17:48:33,050 [main] INFO  (ContextListener.java:24) - Context listener start working
  2022-05-25 17:48:51,203 [main] INFO  (ContextListener.java:24) - Context listener start working
  2022-05-25 17:51:49,005 [main] INFO  (ContextListener.java:24) - Context listener start working
  2022-05-25 17:52:03,859 [main] INFO  (ContextListener.java:24) - Context listener start working
  2022-05-25 17:52:15,026 [main] INFO  (ContextListener.java:24) - Context listener start working
  2022-05-25 17:54:43,093 [main] INFO  (ContextListener.java:24) - Context listener start working
  2022-05-25 17:55:02,540 [main] INFO  (ContextListener.java:24) - Context listener start working
  2022-05-25 17:55:23,221 [main] INFO  (ContextListener.java:24) - Context listener start working
  2022-05-25 17:56:11,997 [main] INFO  (ContextListener.java:24) - Context listener start working
  2022-05-25 17:57:03,959 [main] INFO  (ContextListener.java:24) - Context listener start working
  2022-05-25 17:59:04,794 [main] INFO  (ContextListener.java:24) - Context listener start working
  2022-05-25 18:05:35,128 [main] INFO  (ContextListener.java:24) - Context listener start working
  2022-05-25 18:06:36,791 [main] INFO  (ContextListener.java:24) - Context listener start working
  2022-05-25 18:07:05,194 [main] INFO  (ContextListener.java:24) - Context listener start working
  2022-05-25 18:07:51,976 [main] INFO  (ContextListener.java:24) - Context listener start working
  2022-05-25 18:09:42,134 [main] INFO  (ContextListener.java:24) - Context listener start working
  2022-05-25 18:10:00,227 [main] INFO  (ContextListener.java:24) - Context listener start working
  2022-05-25 18:11:42,286 [main] INFO  (ContextListener.java:24) - Context listener start working
  2022-05-25 18:12:08,328 [main] INFO  (ContextListener.java:24) - Context listener start working
  2022-05-25 18:14:30,961 [main] INFO  (ContextListener.java:24) - Context listener start working
  2022-05-25 18:14:57,108 [main] INFO  (ContextListener.java:24) - Context listener start working
  2022-05-25 18:15:16,571 [main] INFO  (ContextListener.java:24) - Context listener start working
  2022-05-25 18:15:29,846 [main] INFO  (ContextListener.java:24) - Context listener start working
  2022-05-25 18:18:23,486 [main] INFO  (ContextListener.java:24) - Context listener start working
  2022-05-25 18:19:00,106 [main] INFO  (ContextListener.java:24) - Context listener start working
  2022-05-25 18:19:16,094 [main] INFO  (ContextListener.java:24) - Context listener start working
  2022-05-25 18:21:00,352 [main] INFO  (ContextListener.java:24) - Context listener start working
  2022-05-25 18:23:03,249 [main] INFO  (ContextListener.java:24) - Context listener start working
  2022-05-25 18:24:44,772 [main] INFO  (ContextListener.java:24) - Context listener start working
  2022-05-25 18:25:09,255 [main] INFO  (ContextListener.java:24) - Context listener start working
  2022-05-25 18:25:42,179 [main] INFO  (ContextListener.java:24) - Context listener start working
  2022-05-25 18:26:10,026 [main] INFO  (ContextListener.java:24) - Context listener start working
  2022-05-25 18:26:21,486 [main] INFO  (ContextListener.java:24) - Context listener start working
  2022-05-25 18:26:35,140 [main] INFO  (ContextListener.java:24) - Context listener start working
  2022-05-25 18:27:06,980 [main] INFO  (ContextListener.java:24) - Context listener start working
  2022-05-25 18:27:23,289 [main] INFO  (ContextListener.java:24) - Context listener start working
  2022-05-25 18:27:44,131 [main] INFO  (ContextListener.java:24) - Context listener start working
  2022-05-25 18:27:55,271 [main] INFO  (ContextListener.java:24) - Context listener start working
  2022-05-25 18:28:06,238 [main] INFO  (ContextListener.java:24) - Context listener start working
  2022-05-25 18:28:19,390 [main] INFO  (ContextListener.java:24) - Context listener start working
  2022-05-25 18:33:46,465 [main] INFO  (ContextListener.java:24) - Context listener start working
  2022-05-25 18:34:53,183 [main] INFO  (ContextListener.java:24) - Context listener start working
  2022-05-25 18:36:14,785 [main] INFO  (ContextListener.java:24) - Context listener start working
  2022-05-25 18:57:39,926 [main] INFO  (ContextListener.java:24) - Context listener start working
  2022-05-25 18:58:04,427 [main] INFO  (ContextListener.java:24) - Context listener start working
  2022-05-25 18:58:34,166 [main] INFO  (ContextListener.java:24) - Context listener start working
  2022-05-25 18:59:41,135 [main] INFO  (ContextListener.java:24) - Context listener start working
  2022-05-25 18:59:57,599 [main] INFO  (ContextListener.java:24) - Context listener start working
  2022-05-25 19:04:15,182 [main] INFO  (ContextListener.java:24) - Context listener start working
  2022-05-25 19:04:34,141 [main] INFO  (ContextListener.java:24) - Context listener start working
  2022-05-25 19:05:03,461 [main] INFO  (ContextListener.java:24) - Context listener start working
  2022-05-25 19:06:34,223 [main] INFO  (ContextListener.java:24) - Context listener start working
  2022-05-25 19:07:37,220 [main] INFO  (ContextListener.java:24) - Context listener start working
  2022-05-25 19:53:58,776 [main] INFO  (ContextListener.java:24) - Context listener start working
  2022-05-25 19:54:14,017 [main] INFO  (ContextListener.java:24) - Context listener start working
  2022-05-25 19:57:49,533 [main] INFO  (ContextListener.java:24) - Context listener start working
  2022-05-25 19:58:05,660 [main] INFO  (ContextListener.java:24) - Context listener start working
  2022-05-25 19:58:22,975 [main] INFO  (ContextListener.java:24) - Context listener start working
  2022-05-25 19:59:43,591 [main] INFO  (ContextListener.java:24) - Context listener start working
  2022-05-25 20:00:16,292 [main] INFO  (ContextListener.java:24) - Context listener start working
  2022-05-25 20:04:19,875 [main] INFO  (ContextListener.java:24) - Context listener start working
  2022-05-25 20:04:40,928 [main] INFO  (ContextListener.java:24) - Context listener start working
  2022-05-25 20:07:44,854 [main] INFO  (ContextListener.java:24) - Context listener start working
  2022-05-25 20:08:37,470 [main] INFO  (ContextListener.java:24) - Context listener start working
  2022-05-25 20:15:05,979 [main] INFO  (ContextListener.java:24) - Context listener start working
  2022-05-25 20:15:16,171 [main] INFO  (ContextListener.java:24) - Context listener start working
  2022-05-25 20:19:43,300 [main] INFO  (ContextListener.java:24) - Context listener start working
  2022-05-25 20:22:50,425 [main] INFO  (ContextListener.java:24) - Context listener start working
  2022-05-25 20:23:26,592 [main] INFO  (ContextListener.java:24) - Context listener start working
  2022-05-25 20:23:42,345 [main] INFO  (ContextListener.java:24) - Context listener start working
  2022-05-25 20:23:52,295 [main] INFO  (ContextListener.java:24) - Context listener start working
  2022-05-25 20:24:07,999 [main] INFO  (ContextListener.java:24) - Context listener start working
  2022-05-25 20:24:18,578 [main] INFO  (ContextListener.java:24) - Context listener start working
  2022-05-25 20:24:39,329 [main] INFO  (ContextListener.java:24) - Context listener start working
  2022-05-25 20:24:49,604 [main] INFO  (ContextListener.java:24) - Context listener start working
  2022-05-25 20:24:59,877 [main] INFO  (ContextListener.java:24) - Context listener start working
  2022-05-25 20:27:42,110 [main] INFO  (ContextListener.java:24) - Context listener start working
  2022-05-25 20:27:57,024 [main] INFO  (ContextListener.java:24) - Context listener start working
  2022-05-25 20:28:14,310 [main] INFO  (ContextListener.java:24) - Context listener start working
  2022-05-25 20:28:24,932 [main] INFO  (ContextListener.java:24) - Context listener start working
  2022-05-25 20:51:37,372 [main] INFO  (ContextListener.java:24) - Context listener start working
  2022-05-25 20:52:59,599 [http-nio-8080-exec-7] DEBUG (LogoutCommand.java:19) - Logout finished
  2022-05-25 20:54:34,829 [main] INFO  (ContextListener.java:24) - Context listener start working
  2022-05-25 23:59:13,831 [main] INFO  (ContextListener.java:24) - Context listener start working
  