2022-05-27 00:31:40,854 [main] INFO  (ContextListener.java:24) - Context listener start working
  2022-05-27 00:32:05,774 [main] INFO  (ContextListener.java:24) - Context listener start working
  2022-05-27 00:32:54,554 [main] INFO  (ContextListener.java:24) - Context listener start working
  2022-05-27 00:36:01,203 [http-nio-8080-exec-9] ERROR (EventDao.java:106) - Cannot add or update a child row: a foreign key constraint fails (`conferences`.`event_table`, CONSTRAINT `event_user_id` FOREIGN KEY (`event_id`) REFERENCES `user_table` (`user_id`))
  2022-05-27 00:36:08,337 [http-nio-8080-exec-1] ERROR (EventDao.java:106) - Cannot add or update a child row: a foreign key constraint fails (`conferences`.`event_table`, CONSTRAINT `event_user_id` FOREIGN KEY (`event_id`) REFERENCES `user_table` (`user_id`))
  2022-05-27 00:36:13,185 [http-nio-8080-exec-2] ERROR (EventDao.java:106) - Cannot add or update a child row: a foreign key constraint fails (`conferences`.`event_table`, CONSTRAINT `event_user_id` FOREIGN KEY (`event_id`) REFERENCES `user_table` (`user_id`))
  2022-05-27 00:36:21,308 [http-nio-8080-exec-4] ERROR (EventDao.java:106) - Cannot add or update a child row: a foreign key constraint fails (`conferences`.`event_table`, CONSTRAINT `event_user_id` FOREIGN KEY (`event_id`) REFERENCES `user_table` (`user_id`))
  2022-05-27 00:36:42,232 [http-nio-8080-exec-6] ERROR (EventDao.java:106) - Cannot add or update a child row: a foreign key constraint fails (`conferences`.`event_table`, CONSTRAINT `event_user_id` FOREIGN KEY (`event_id`) REFERENCES `user_table` (`user_id`))
  2022-05-27 00:36:56,058 [main] INFO  (ContextListener.java:24) - Context listener start working
  2022-05-27 00:37:32,434 [http-nio-8080-exec-5] ERROR (EventDao.java:106) - Cannot add or update a child row: a foreign key constraint fails (`conferences`.`event_table`, CONSTRAINT `event_user_id` FOREIGN KEY (`event_id`) REFERENCES `user_table` (`user_id`))
  2022-05-27 10:21:50,297 [main] INFO  (ContextListener.java:24) - Context listener start working
  2022-05-27 10:21:53,687 [http-nio-8080-exec-3] ERROR (EventBuilder.java:53) - Column 'subscriber_id' not found.
  2022-05-27 10:21:53,688 [http-nio-8080-exec-3] ERROR (EventBuilder.java:53) - Column 'subscriber_id' not found.
  2022-05-27 10:21:53,696 [http-nio-8080-exec-3] ERROR (DaoEventService.java:63) - Cannot invoke "ua.epam.models.entities.event.IEvent.getName()" because "event" is null
  2022-05-27 10:21:53,722 [http-nio-8080-exec-3] ERROR (EventBuilder.java:53) - Column 'subscriber_id' not found.
  2022-05-27 10:21:53,722 [http-nio-8080-exec-3] ERROR (EventBuilder.java:53) - Column 'subscriber_id' not found.
  2022-05-27 10:21:53,723 [http-nio-8080-exec-3] ERROR (DaoEventService.java:63) - Cannot invoke "ua.epam.models.entities.event.IEvent.getName()" because "event" is null
  2022-05-27 10:22:42,335 [main] INFO  (ContextListener.java:24) - Context listener start working
  2022-05-27 10:22:58,659 [http-nio-8080-exec-1] ERROR (EventBuilder.java:53) - Column 'subscriber_id' not found.
  2022-05-27 10:22:58,660 [http-nio-8080-exec-1] ERROR (EventBuilder.java:53) - Column 'subscriber_id' not found.
  2022-05-27 10:23:34,967 [main] INFO  (ContextListener.java:24) - Context listener start working
  2022-05-27 10:24:06,724 [main] INFO  (ContextListener.java:24) - Context listener start working
  2022-05-27 10:24:07,334 [http-nio-8080-exec-1] ERROR (DaoEventService.java:63) - Index 0 out of bounds for length 0
  2022-05-27 10:24:07,365 [http-nio-8080-exec-1] ERROR (DaoEventService.java:63) - Index 0 out of bounds for length 0
  2022-05-27 10:24:10,101 [http-nio-8080-exec-7] ERROR (DaoEventService.java:63) - Index 0 out of bounds for length 0
  2022-05-27 10:24:10,122 [http-nio-8080-exec-7] ERROR (DaoEventService.java:63) - Index 0 out of bounds for length 0
  2022-05-27 10:24:17,892 [http-nio-8080-exec-3] ERROR (DaoEventService.java:63) - Index 0 out of bounds for length 0
  2022-05-27 10:24:29,698 [http-nio-8080-exec-8] ERROR (DaoEventService.java:63) - Index 0 out of bounds for length 0
  2022-05-27 10:24:34,990 [http-nio-8080-exec-9] ERROR (DaoEventService.java:63) - Index 0 out of bounds for length 0
  2022-05-27 10:25:53,043 [main] INFO  (ContextListener.java:24) - Context listener start working
  2022-05-27 10:25:56,180 [http-nio-8080-exec-1] ERROR (EventDao.java:106) - Cannot add or update a child row: a foreign key constraint fails (`conferences`.`event_table`, CONSTRAINT `event_user_id` FOREIGN KEY (`event_id`) REFERENCES `user_table` (`user_id`))
  2022-05-27 10:25:56,214 [http-nio-8080-exec-1] ERROR (DaoEventService.java:63) - Index 0 out of bounds for length 0
  2022-05-27 10:26:06,520 [main] INFO  (ContextListener.java:24) - Context listener start working
  2022-05-27 10:26:09,686 [http-nio-8080-exec-1] ERROR (EventDao.java:106) - Cannot add or update a child row: a foreign key constraint fails (`conferences`.`event_table`, CONSTRAINT `event_user_id` FOREIGN KEY (`event_id`) REFERENCES `user_table` (`user_id`))
  2022-05-27 10:26:09,718 [http-nio-8080-exec-1] ERROR (DaoEventService.java:63) - Index 0 out of bounds for length 0
  2022-05-27 11:43:02,722 [main] INFO  (ContextListener.java:24) - Context listener start working
  2022-05-27 12:13:53,768 [main] INFO  (ContextListener.java:24) - Context listener start working
  2022-05-27 12:15:41,503 [main] INFO  (ContextListener.java:24) - Context listener start working
  2022-05-27 12:15:51,390 [http-nio-8080-exec-3] ERROR (EventBuilder.java:45) - Column 'event_id' not found.
  2022-05-27 12:16:25,568 [main] INFO  (ContextListener.java:24) - Context listener start working
  2022-05-27 12:16:48,311 [main] INFO  (ContextListener.java:24) - Context listener start working
  2022-05-27 12:16:51,089 [http-nio-8080-exec-2] ERROR (UserBuilder.java:53) - Column 'user_id' not found.
  2022-05-27 12:16:51,089 [http-nio-8080-exec-2] ERROR (UserBuilder.java:53) - Column 'user_id' not found.
  2022-05-27 12:16:51,100 [http-nio-8080-exec-2] ERROR (UserBuilder.java:53) - Column 'user_id' not found.
  2022-05-27 12:16:51,135 [http-nio-8080-exec-2] ERROR (UserBuilder.java:53) - Column 'user_id' not found.
  2022-05-27 12:16:51,136 [http-nio-8080-exec-2] ERROR (UserBuilder.java:53) - Column 'user_id' not found.
  2022-05-27 12:16:51,145 [http-nio-8080-exec-2] ERROR (UserBuilder.java:53) - Column 'user_id' not found.
  2022-05-27 12:16:59,198 [http-nio-8080-exec-1] ERROR (UserBuilder.java:53) - Column 'user_id' not found.
  2022-05-27 12:17:23,457 [http-nio-8080-exec-1] ERROR (UserBuilder.java:53) - Column 'user_id' not found.
  2022-05-27 12:18:59,118 [main] INFO  (ContextListener.java:24) - Context listener start working
  2022-05-27 12:24:51,747 [main] INFO  (ContextListener.java:24) - Context listener start working
  2022-05-27 13:13:15,577 [main] INFO  (ContextListener.java:24) - Context listener start working
  2022-05-27 13:13:57,901 [http-nio-8080-exec-4] ERROR (Controller.java:35) - Произошла ошибка при обработке [/WEB-INF/view/moderator/eventInfo.jsp] в строке [33]

30:             <ul>
31:                 <td><c:out value="${entity.name}"/></td>
32: 
33:                 <td><c:out value="${entity.dateBegin}"/>
34:                     <c:out value="${entity.timeBegin}"/></td>
35:                 <td>
36:                     <form method="post" action="" id="update">


Stacktrace:
  2022-05-27 13:14:07,018 [main] INFO  (ContextListener.java:24) - Context listener start working
  2022-05-27 13:14:18,400 [http-nio-8080-exec-4] ERROR (Controller.java:35) - Произошла ошибка при обработке [WEB-INF/view/moderator/eventInfo.jsp] в строке [33]

30:             <ul>
31:                 <td><c:out value="${entity.name}"/></td>
32: 
33:                 <td><c:out value="${entity.dateBegin}"/>
34:                     <c:out value="${entity.timeBegin}"/></td>
35:                 <td>
36:                     <form method="post" action="" id="update">


Stacktrace:
  2022-05-27 13:19:57,399 [main] INFO  (ContextListener.java:24) - Context listener start working
  2022-05-27 13:21:50,211 [main] INFO  (ContextListener.java:24) - Context listener start working
  2022-05-27 13:22:25,210 [main] INFO  (ContextListener.java:24) - Context listener start working
  2022-05-27 13:24:15,745 [main] INFO  (ContextListener.java:24) - Context listener start working
  2022-05-27 13:24:22,094 [http-nio-8080-exec-4] ERROR (Controller.java:35) - Произошла ошибка при обработке [WEB-INF/view/moderator/eventInfo.jsp] в строке [29]

26:             <th>report name</th>
27:             <th>speaker</th>
28:     </tr>
29:     <c:forEach var="entity" items="${requestScope.reports}">
30:         <tr>
31:             <ul>
32:                 <td><c:out value="${entity.id}"/></td>


Stacktrace:
  2022-05-27 13:25:32,639 [main] INFO  (ContextListener.java:24) - Context listener start working
  2022-05-27 13:25:44,159 [http-nio-8080-exec-4] ERROR (Controller.java:35) - Произошла ошибка при обработке [/WEB-INF/view/moderator/eventInfo.jsp] в строке [29]

26:             <th>report name</th>
27:             <th>speaker</th>
28:     </tr>
29:     <c:forEach var="entity" items="${requestScope.report}">
30:         <tr>
31:             <ul>
32:                 <td><c:out value="${entity.id}"/></td>


Stacktrace:
  2022-05-27 13:26:20,807 [main] INFO  (ContextListener.java:24) - Context listener start working
  2022-05-27 13:26:26,332 [main] INFO  (ContextListener.java:24) - Context listener start working
  2022-05-27 13:26:32,365 [http-nio-8080-exec-4] ERROR (Controller.java:35) - Произошла ошибка при обработке [/WEB-INF/view/moderator/eventInfo.jsp] в строке [34]

31:             <ul>
32:                 <td><c:out value="${requestScope.report.id}"/></td>
33:                 <td><c:out value="${requestScope.report.name}"/></td>
34:                 <td><c:out value="${requestScope.report.report.speaker.name}"/>
35:                     <c:out value="${requestScope.report.speaker.surname}"/></td>
36:                 <td>
37:                     <form method="post" action="" id="update">


Stacktrace:
  2022-05-27 13:26:53,787 [main] INFO  (ContextListener.java:24) - Context listener start working
  2022-05-27 14:14:09,800 [main] INFO  (ContextListener.java:24) - Context listener start working
  2022-05-27 14:14:59,391 [main] INFO  (ContextListener.java:24) - Context listener start working
  2022-05-27 14:15:53,010 [http-nio-8080-exec-3] DEBUG (LogoutCommand.java:19) - Logout finished
  2022-05-27 14:16:15,546 [http-nio-8080-exec-9] DEBUG (LogoutCommand.java:19) - Logout finished
  2022-05-27 14:18:06,748 [main] INFO  (ContextListener.java:24) - Context listener start working
  2022-05-27 14:18:10,531 [http-nio-8080-exec-1] DEBUG (LogoutCommand.java:19) - Logout finished
  2022-05-27 14:18:38,478 [main] INFO  (ContextListener.java:24) - Context listener start working
  2022-05-27 14:19:03,581 [main] INFO  (ContextListener.java:24) - Context listener start working
  2022-05-27 14:19:10,900 [http-nio-8080-exec-2] DEBUG (LogoutCommand.java:19) - Logout finished
  2022-05-27 14:19:44,143 [main] INFO  (ContextListener.java:24) - Context listener start working
  2022-05-27 14:19:53,543 [main] INFO  (ContextListener.java:24) - Context listener start working
  2022-05-27 14:20:04,351 [main] INFO  (ContextListener.java:24) - Context listener start working
  2022-05-27 14:20:27,078 [main] INFO  (ContextListener.java:24) - Context listener start working
  2022-05-27 14:20:50,081 [main] INFO  (ContextListener.java:24) - Context listener start working
  2022-05-27 14:21:21,278 [main] INFO  (ContextListener.java:24) - Context listener start working
  2022-05-27 14:22:31,286 [main] INFO  (ContextListener.java:24) - Context listener start working
  2022-05-27 14:22:52,211 [main] INFO  (ContextListener.java:24) - Context listener start working
  2022-05-27 14:23:02,071 [main] INFO  (ContextListener.java:24) - Context listener start working
  2022-05-27 14:23:31,834 [main] INFO  (ContextListener.java:24) - Context listener start working
  2022-05-27 14:24:14,538 [main] INFO  (ContextListener.java:24) - Context listener start working
  2022-05-27 14:24:56,213 [main] INFO  (ContextListener.java:24) - Context listener start working
  2022-05-27 14:26:06,627 [main] INFO  (ContextListener.java:24) - Context listener start working
  2022-05-27 14:26:24,899 [main] INFO  (ContextListener.java:24) - Context listener start working
  2022-05-27 14:26:36,634 [main] INFO  (ContextListener.java:24) - Context listener start working
  2022-05-27 14:26:52,797 [main] INFO  (ContextListener.java:24) - Context listener start working
  2022-05-27 14:27:13,600 [main] INFO  (ContextListener.java:24) - Context listener start working
  2022-05-27 14:27:16,468 [main] INFO  (ContextListener.java:24) - Context listener start working
  2022-05-27 14:27:21,139 [main] INFO  (ContextListener.java:24) - Context listener start working
  2022-05-27 14:27:22,042 [main] INFO  (ContextListener.java:24) - Context listener start working
  2022-05-27 14:27:35,907 [main] INFO  (ContextListener.java:24) - Context listener start working
  2022-05-27 14:27:47,463 [main] INFO  (ContextListener.java:24) - Context listener start working
  2022-05-27 14:27:56,784 [main] INFO  (ContextListener.java:24) - Context listener start working
  2022-05-27 14:28:05,826 [main] INFO  (ContextListener.java:24) - Context listener start working
  2022-05-27 14:28:28,196 [main] INFO  (ContextListener.java:24) - Context listener start working
  2022-05-27 14:28:39,918 [main] INFO  (ContextListener.java:24) - Context listener start working
  2022-05-27 14:32:04,322 [main] INFO  (ContextListener.java:24) - Context listener start working
  2022-05-27 14:32:05,029 [http-nio-8080-exec-1] ERROR (EventBuilder.java:45) - Before start of result set
  2022-05-27 14:32:05,051 [http-nio-8080-exec-1] ERROR (DaoEventService.java:76) - Cannot invoke "ua.epam.models.entities.event.IEvent.getId()" because "event" is null
  2022-05-27 14:32:15,591 [http-nio-8080-exec-2] DEBUG (LogoutCommand.java:19) - Logout finished
  2022-05-27 14:32:21,770 [http-nio-8080-exec-4] ERROR (EventBuilder.java:45) - Before start of result set
  2022-05-27 14:32:21,777 [http-nio-8080-exec-4] ERROR (DaoEventService.java:76) - Cannot invoke "ua.epam.models.entities.event.IEvent.getId()" because "event" is null
  2022-05-27 14:32:48,146 [main] INFO  (ContextListener.java:24) - Context listener start working
  2022-05-27 14:32:48,772 [http-nio-8080-exec-1] ERROR (EventBuilder.java:45) - Before start of result set
  2022-05-27 14:32:48,784 [http-nio-8080-exec-1] ERROR (DaoEventService.java:76) - Cannot invoke "ua.epam.models.entities.event.IEvent.getId()" because "event" is null
  2022-05-27 14:32:51,145 [http-nio-8080-exec-2] ERROR (EventBuilder.java:45) - Before start of result set
  2022-05-27 14:32:51,156 [http-nio-8080-exec-2] ERROR (DaoEventService.java:76) - Cannot invoke "ua.epam.models.entities.event.IEvent.getId()" because "event" is null
  2022-05-27 14:32:53,002 [http-nio-8080-exec-3] DEBUG (LogoutCommand.java:19) - Logout finished
  2022-05-27 14:32:56,330 [http-nio-8080-exec-5] ERROR (EventBuilder.java:45) - Before start of result set
  2022-05-27 14:32:56,339 [http-nio-8080-exec-5] ERROR (DaoEventService.java:76) - Cannot invoke "ua.epam.models.entities.event.IEvent.getId()" because "event" is null
  2022-05-27 14:33:07,368 [main] INFO  (ContextListener.java:24) - Context listener start working
  2022-05-27 14:33:24,623 [http-nio-8080-exec-1] ERROR (EventBuilder.java:45) - Before start of result set
  2022-05-27 14:37:26,093 [main] INFO  (ContextListener.java:24) - Context listener start working
  2022-05-27 14:44:14,656 [main] INFO  (ContextListener.java:24) - Context listener start working
  2022-05-27 14:44:16,669 [http-nio-8080-exec-1] ERROR (EventBuilder.java:45) - Before start of result set
  2022-05-27 14:44:16,680 [http-nio-8080-exec-1] ERROR (DaoEventService.java:76) - Cannot invoke "ua.epam.models.entities.event.IEvent.getId()" because "event" is null
  2022-05-27 14:44:25,751 [main] INFO  (ContextListener.java:24) - Context listener start working
  2022-05-27 14:44:35,582 [http-nio-8080-exec-1] ERROR (EventBuilder.java:45) - Before start of result set
  2022-05-27 14:44:56,252 [main] INFO  (ContextListener.java:24) - Context listener start working
  2022-05-27 14:45:07,223 [http-nio-8080-exec-1] ERROR (EventBuilder.java:45) - Before start of result set
  2022-05-27 14:46:02,450 [main] INFO  (ContextListener.java:24) - Context listener start working
  2022-05-27 14:50:05,202 [main] INFO  (ContextListener.java:24) - Context listener start working
  2022-05-27 15:05:25,949 [http-nio-8080-exec-1] DEBUG (LogoutCommand.java:19) - Logout finished
  2022-05-27 15:06:35,477 [main] INFO  (ContextListener.java:24) - Context listener start working
  2022-05-27 15:06:39,613 [http-nio-8080-exec-1] DEBUG (LogoutCommand.java:19) - Logout finished
  2022-05-27 15:06:48,355 [http-nio-8080-exec-4] ERROR (AuthFilter.java:69) - Cannot invoke "ua.epam.controller.commands.ICommand.execute(javax.servlet.http.HttpServletRequest, javax.servlet.http.HttpServletResponse)" because "ic" is null
  2022-05-27 15:08:07,736 [main] INFO  (ContextListener.java:24) - Context listener start working
  2022-05-27 15:08:08,279 [http-nio-8080-exec-1] DEBUG (LogoutCommand.java:19) - Logout finished
  2022-05-27 15:08:12,713 [http-nio-8080-exec-3] ERROR (EventBuilder.java:29) - text
  2022-05-27 15:08:12,713 [http-nio-8080-exec-3] ERROR (AuthFilter.java:69) - Cannot invoke "ua.epam.models.entities.event.IEvent.setId(int)" because "entity" is null
  2022-05-27 15:08:29,439 [main] INFO  (ContextListener.java:24) - Context listener start working
  2022-05-27 15:08:30,134 [http-nio-8080-exec-1] ERROR (EventBuilder.java:29) - text
  2022-05-27 15:08:30,135 [http-nio-8080-exec-1] ERROR (AuthFilter.java:69) - Cannot invoke "ua.epam.models.entities.event.IEvent.setId(int)" because "entity" is null
  2022-05-27 15:08:36,521 [http-nio-8080-exec-2] ERROR (EventBuilder.java:29) - text
  2022-05-27 15:08:36,521 [http-nio-8080-exec-2] ERROR (AuthFilter.java:69) - Cannot invoke "ua.epam.models.entities.event.IEvent.setId(int)" because "entity" is null
  2022-05-27 15:08:53,492 [http-nio-8080-exec-3] ERROR (EventBuilder.java:29) - text
  2022-05-27 15:09:55,848 [main] INFO  (ContextListener.java:24) - Context listener start working
  2022-05-27 15:10:12,805 [http-nio-8080-exec-1] ERROR (EventBuilder.java:29) - text
  2022-05-27 15:11:27,796 [main] INFO  (ContextListener.java:24) - Context listener start working
  2022-05-27 15:12:05,062 [main] INFO  (ContextListener.java:24) - Context listener start working
  2022-05-27 15:12:20,880 [http-nio-8080-exec-4] ERROR (AuthFilter.java:69) - Cannot parse null string
  2022-05-27 15:13:16,831 [main] INFO  (ContextListener.java:24) - Context listener start working
  2022-05-27 15:14:19,275 [main] INFO  (ContextListener.java:24) - Context listener start working
  2022-05-27 15:14:37,599 [http-nio-8080-exec-4] ERROR (EventDao.java:137) - You have an error in your SQL syntax; check the manual that corresponds to your MySQL server version for the right syntax to use near '.event_name = 'werrew', event_date_start = '0003-03-31', event_time_start = '03:' at line 1
  2022-05-27 15:15:04,752 [main] INFO  (ContextListener.java:24) - Context listener start working
  2022-05-27 15:15:31,096 [http-nio-8080-exec-5] ERROR (EventDao.java:137) - You have an error in your SQL syntax; check the manual that corresponds to your MySQL server version for the right syntax to use near '.event_name = '34343', event_date_start = '0003-03-31', event_time_start = '03:0' at line 1
  2022-05-27 15:16:43,868 [main] INFO  (ContextListener.java:24) - Context listener start working
  2022-05-27 15:16:48,618 [http-nio-8080-exec-2] ERROR (EventDao.java:137) - You have an error in your SQL syntax; check the manual that corresponds to your MySQL server version for the right syntax to use near '.event_name = 'event14', event_date_start = '2019-05-30', event_time_start = '09' at line 1
  2022-05-27 15:16:53,299 [main] INFO  (ContextListener.java:24) - Context listener start working
  2022-05-27 15:17:03,241 [http-nio-8080-exec-1] ERROR (EventDao.java:137) - You have an error in your SQL syntax; check the manual that corresponds to your MySQL server version for the right syntax to use near '.event_name = 'event14', event_date_start = '2019-05-30', event_time_start = '09' at line 1
  2022-05-27 15:17:26,969 [main] INFO  (ContextListener.java:24) - Context listener start working
  2022-05-27 15:17:29,877 [main] INFO  (ContextListener.java:24) - Context listener start working
  2022-05-27 15:17:59,264 [http-nio-8080-exec-6] ERROR (EventDao.java:137) - You have an error in your SQL syntax; check the manual that corresponds to your MySQL server version for the right syntax to use near '.event_name = 'event12', event_date_start = '2019-05-30', event_time_start = '09' at line 1
  2022-05-27 15:18:30,055 [http-nio-8080-exec-7] ERROR (EventDao.java:137) - You have an error in your SQL syntax; check the manual that corresponds to your MySQL server version for the right syntax to use near '.event_name = 'event12', event_date_start = '2019-05-30', event_time_start = '09' at line 1
  2022-05-27 15:18:47,040 [main] INFO  (ContextListener.java:24) - Context listener start working
  2022-05-27 15:18:57,186 [http-nio-8080-exec-1] ERROR (EventDao.java:137) - You have an error in your SQL syntax; check the manual that corresponds to your MySQL server version for the right syntax to use near '.event_name = 'event12', event_date_start = '2019-05-30', event_time_start = '09' at line 1
  2022-05-27 15:19:03,585 [main] INFO  (ContextListener.java:24) - Context listener start working
  2022-05-27 15:19:19,071 [http-nio-8080-exec-2] ERROR (EventDao.java:137) - You have an error in your SQL syntax; check the manual that corresponds to your MySQL server version for the right syntax to use near '.event_name = 'event16', event_date_start = '2019-05-30', event_time_start = '09' at line 1
  2022-05-27 15:20:08,130 [main] INFO  (ContextListener.java:24) - Context listener start working
  2022-05-27 15:21:21,111 [main] INFO  (ContextListener.java:24) - Context listener start working
  2022-05-27 15:21:49,999 [main] INFO  (ContextListener.java:24) - Context listener start working
  2022-05-27 15:22:50,970 [http-nio-8080-exec-6] DEBUG (LogoutCommand.java:19) - Logout finished
  2022-05-27 15:24:56,650 [main] INFO  (ContextListener.java:24) - Context listener start working
  2022-05-27 15:25:33,286 [main] INFO  (ContextListener.java:24) - Context listener start working
  2022-05-27 15:40:11,547 [main] INFO  (ContextListener.java:24) - Context listener start working
  2022-05-27 15:40:12,100 [http-nio-8080-exec-1] DEBUG (LogoutCommand.java:19) - Logout finished
  2022-05-27 15:40:42,863 [main] INFO  (ContextListener.java:24) - Context listener start working
  2022-05-27 15:41:30,061 [main] INFO  (ContextListener.java:24) - Context listener start working
  2022-05-27 15:41:46,664 [main] INFO  (ContextListener.java:24) - Context listener start working
  2022-05-27 15:41:53,952 [main] INFO  (ContextListener.java:24) - Context listener start working
  2022-05-27 15:42:02,484 [main] INFO  (ContextListener.java:24) - Context listener start working
  2022-05-27 15:42:54,098 [main] INFO  (ContextListener.java:24) - Context listener start working
  2022-05-27 15:43:29,738 [main] INFO  (ContextListener.java:24) - Context listener start working
  2022-05-27 15:43:44,456 [main] INFO  (ContextListener.java:24) - Context listener start working
  2022-05-27 15:43:55,540 [main] INFO  (ContextListener.java:24) - Context listener start working
  2022-05-27 15:44:19,603 [main] INFO  (ContextListener.java:24) - Context listener start working
  2022-05-27 15:44:28,840 [main] INFO  (ContextListener.java:24) - Context listener start working
  2022-05-27 15:44:47,659 [main] INFO  (ContextListener.java:24) - Context listener start working
  2022-05-27 15:45:35,377 [main] INFO  (ContextListener.java:24) - Context listener start working
  2022-05-27 15:45:43,525 [main] INFO  (ContextListener.java:24) - Context listener start working
  2022-05-27 15:47:48,817 [main] INFO  (ContextListener.java:24) - Context listener start working
  2022-05-27 15:49:31,685 [main] INFO  (ContextListener.java:24) - Context listener start working
  2022-05-27 15:49:42,077 [main] INFO  (ContextListener.java:24) - Context listener start working
  2022-05-27 15:50:45,871 [main] INFO  (ContextListener.java:24) - Context listener start working
  2022-05-27 15:50:49,378 [http-nio-8080-exec-1] DEBUG (LogoutCommand.java:19) - Logout finished
  2022-05-27 15:53:32,991 [main] INFO  (ContextListener.java:24) - Context listener start working
  2022-05-27 15:54:44,133 [main] INFO  (ContextListener.java:24) - Context listener start working
  2022-05-27 15:56:09,837 [main] INFO  (ContextListener.java:24) - Context listener start working
  2022-05-27 16:03:25,485 [main] INFO  (ContextListener.java:24) - Context listener start working
  2022-05-27 16:03:55,288 [http-nio-8080-exec-7] ERROR (ReportBuilder.java:25) - Cannot invoke "ua.epam.models.entities.user.IUser.getId()" because the return value of "ua.epam.dao.UserRepo.get(String)" is null
  2022-05-27 16:03:55,289 [http-nio-8080-exec-7] ERROR (AuthFilter.java:69) - Cannot parse null string
  2022-05-27 16:04:00,017 [main] INFO  (ContextListener.java:24) - Context listener start working
  2022-05-27 16:04:13,517 [main] INFO  (ContextListener.java:24) - Context listener start working
  2022-05-27 16:10:13,131 [main] INFO  (ContextListener.java:24) - Context listener start working
  2022-05-27 16:10:28,541 [http-nio-8080-exec-2] ERROR (ReportBuilder.java:25) - Cannot invoke "ua.epam.models.entities.user.IUser.getId()" because the return value of "ua.epam.dao.UserRepo.get(String)" is null
  2022-05-27 16:10:28,541 [http-nio-8080-exec-2] ERROR (AuthFilter.java:69) - Cannot parse null string
  2022-05-27 16:10:33,320 [main] INFO  (ContextListener.java:24) - Context listener start working
  2022-05-27 16:10:46,446 [http-nio-8080-exec-1] ERROR (ReportBuilder.java:25) - Cannot invoke "ua.epam.models.entities.user.IUser.getId()" because the return value of "ua.epam.dao.UserRepo.get(String)" is null
  2022-05-27 16:10:46,446 [http-nio-8080-exec-1] ERROR (AuthFilter.java:69) - Cannot parse null string
  2022-05-27 16:11:17,365 [http-nio-8080-exec-2] ERROR (ReportBuilder.java:25) - Cannot invoke "ua.epam.models.entities.user.IUser.getId()" because the return value of "ua.epam.dao.UserRepo.get(String)" is null
  2022-05-27 16:11:17,365 [http-nio-8080-exec-2] ERROR (AuthFilter.java:69) - Cannot parse null string
  2022-05-27 16:11:30,510 [http-nio-8080-exec-3] ERROR (ReportBuilder.java:25) - Cannot invoke "ua.epam.models.entities.user.IUser.getId()" because the return value of "ua.epam.dao.UserRepo.get(String)" is null
  2022-05-27 16:11:40,279 [main] INFO  (ContextListener.java:24) - Context listener start working
  2022-05-27 16:12:00,908 [http-nio-8080-exec-1] ERROR (AuthFilter.java:69) - Cannot invoke "java.sql.Connection.setAutoCommit(boolean)" because "this.connection" is null
  2022-05-27 16:12:43,706 [main] INFO  (ContextListener.java:24) - Context listener start working
  2022-05-27 16:13:05,011 [main] INFO  (ContextListener.java:24) - Context listener start working
  2022-05-27 16:16:49,355 [main] INFO  (ContextListener.java:24) - Context listener start working
  2022-05-27 16:17:07,025 [http-nio-8080-exec-5] ERROR (AuthFilter.java:69) - For input string: ""
  2022-05-27 16:17:19,495 [main] INFO  (ContextListener.java:24) - Context listener start working
  2022-05-27 16:17:50,774 [http-nio-8080-exec-1] ERROR (AuthFilter.java:69) - For input string: ""
  2022-05-27 16:18:30,589 [main] INFO  (ContextListener.java:24) - Context listener start working
  2022-05-27 16:18:32,587 [http-nio-8080-exec-1] ERROR (AuthFilter.java:69) - For input string: ""
  2022-05-27 16:18:35,326 [http-nio-8080-exec-2] DEBUG (LogoutCommand.java:19) - Logout finished
  2022-05-27 16:18:42,943 [http-nio-8080-exec-5] ERROR (AuthFilter.java:69) - For input string: ""
  2022-05-27 16:18:49,462 [main] INFO  (ContextListener.java:24) - Context listener start working
  2022-05-27 16:19:28,489 [main] INFO  (ContextListener.java:24) - Context listener start working
  2022-05-27 16:20:51,034 [main] INFO  (ContextListener.java:24) - Context listener start working
  2022-05-27 16:20:52,329 [http-nio-8080-exec-1] ERROR (AuthFilter.java:69) - For input string: ""
  2022-05-27 16:21:20,116 [main] INFO  (ContextListener.java:24) - Context listener start working
  2022-05-27 16:21:26,413 [main] INFO  (ContextListener.java:24) - Context listener start working
  2022-05-27 16:21:30,974 [http-nio-8080-exec-2] ERROR (AuthFilter.java:69) - Cannot parse null string
  2022-05-27 16:21:39,341 [main] INFO  (ContextListener.java:24) - Context listener start working
  2022-05-27 16:21:51,918 [http-nio-8080-exec-2] ERROR (AuthFilter.java:69) - Cannot parse null string
  2022-05-27 16:21:55,989 [main] INFO  (ContextListener.java:24) - Context listener start working
  2022-05-27 16:22:34,708 [main] INFO  (ContextListener.java:24) - Context listener start working
  2022-05-27 16:22:35,316 [http-nio-8080-exec-1] ERROR (DaoReportService.java:119) - Cannot invoke "ua.epam.models.entities.user.IUser.getId()" because the return value of "ua.epam.models.entities.report.IReport.getSpeaker()" is null
  2022-05-27 16:22:35,322 [http-nio-8080-exec-1] ERROR (AuthFilter.java:69) - Cannot parse null string
  2022-05-27 16:22:44,575 [http-nio-8080-exec-2] ERROR (DaoReportService.java:119) - Cannot invoke "ua.epam.models.entities.user.IUser.getId()" because the return value of "ua.epam.models.entities.report.IReport.getSpeaker()" is null
  2022-05-27 16:22:44,576 [http-nio-8080-exec-2] ERROR (AuthFilter.java:69) - Cannot parse null string
  2022-05-27 16:22:48,807 [main] INFO  (ContextListener.java:24) - Context listener start working
  2022-05-27 16:23:02,796 [http-nio-8080-exec-1] ERROR (DaoReportService.java:119) - Cannot invoke "ua.epam.models.entities.user.IUser.getId()" because the return value of "ua.epam.models.entities.report.IReport.getSpeaker()" is null
  2022-05-27 16:24:09,179 [main] INFO  (ContextListener.java:24) - Context listener start working
  2022-05-27 16:24:24,318 [http-nio-8080-exec-1] ERROR (AuthFilter.java:69) - Cannot parse null string
  2022-05-27 16:24:29,428 [main] INFO  (ContextListener.java:24) - Context listener start working
  2022-05-27 16:24:58,851 [http-nio-8080-exec-2] ERROR (DaoReportService.java:119) - Cannot invoke "ua.epam.models.entities.user.IUser.getId()" because the return value of "ua.epam.models.entities.report.IReport.getSpeaker()" is null
  2022-05-27 16:25:16,306 [http-nio-8080-exec-3] ERROR (DaoReportService.java:119) - Cannot invoke "ua.epam.models.entities.user.IUser.getId()" because the return value of "ua.epam.models.entities.report.IReport.getSpeaker()" is null
  2022-05-27 16:25:30,468 [http-nio-8080-exec-5] ERROR (DaoReportService.java:119) - Cannot invoke "ua.epam.models.entities.user.IUser.getId()" because the return value of "ua.epam.models.entities.report.IReport.getSpeaker()" is null
  2022-05-27 16:27:28,972 [main] INFO  (ContextListener.java:24) - Context listener start working
  2022-05-27 16:27:51,477 [main] INFO  (ContextListener.java:24) - Context listener start working
  2022-05-27 16:27:57,755 [http-nio-8080-exec-1] ERROR (ReportDao.java:113) - Cannot add or update a child row: a foreign key constraint fails (`conferences`.`report_table`, CONSTRAINT `report_speaker_id` FOREIGN KEY (`report_speaker_id`) REFERENCES `user_table` (`user_id`))
  2022-05-27 16:28:03,325 [http-nio-8080-exec-2] ERROR (ReportDao.java:113) - Cannot add or update a child row: a foreign key constraint fails (`conferences`.`report_table`, CONSTRAINT `report_speaker_id` FOREIGN KEY (`report_speaker_id`) REFERENCES `user_table` (`user_id`))
  2022-05-27 16:28:09,916 [main] INFO  (ContextListener.java:24) - Context listener start working
  2022-05-27 16:28:29,187 [main] INFO  (ContextListener.java:24) - Context listener start working
  2022-05-27 16:28:54,080 [http-nio-8080-exec-2] ERROR (ReportDao.java:113) - Cannot add or update a child row: a foreign key constraint fails (`conferences`.`report_table`, CONSTRAINT `report_speaker_id` FOREIGN KEY (`report_speaker_id`) REFERENCES `user_table` (`user_id`))
  2022-05-27 16:35:45,893 [main] INFO  (ContextListener.java:24) - Context listener start working
  2022-05-27 16:35:53,484 [http-nio-8080-exec-1] ERROR (ReportBuilder.java:28) - Cannot invoke "java.lang.Integer.intValue()"
  2022-05-27 16:35:53,510 [http-nio-8080-exec-1] ERROR (DaoReportService.java:119) - Cannot invoke "ua.epam.models.entities.report.IReport.getName()" because "entity" is null
  2022-05-27 16:35:57,731 [http-nio-8080-exec-2] ERROR (ReportBuilder.java:28) - Cannot invoke "java.lang.Integer.intValue()"
  2022-05-27 16:35:57,754 [http-nio-8080-exec-2] ERROR (DaoReportService.java:119) - Cannot invoke "ua.epam.models.entities.report.IReport.getName()" because "entity" is null
  2022-05-27 16:36:43,252 [main] INFO  (ContextListener.java:24) - Context listener start working
  2022-05-27 16:42:40,251 [main] INFO  (ContextListener.java:24) - Context listener start working
  2022-05-27 16:42:45,255 [http-nio-8080-exec-1] ERROR (ReportBuilder.java:28) - Cannot invoke "java.lang.Integer.intValue()"
  2022-05-27 16:42:45,279 [http-nio-8080-exec-1] ERROR (DaoReportService.java:119) - Cannot invoke "ua.epam.models.entities.report.IReport.getName()" because "entity" is null
  2022-05-27 16:42:51,728 [http-nio-8080-exec-2] DEBUG (LogoutCommand.java:19) - Logout finished
  2022-05-27 16:43:09,357 [http-nio-8080-exec-3] ERROR (ReportBuilder.java:28) - Cannot invoke "java.lang.Integer.intValue()"
  2022-05-27 16:43:09,371 [http-nio-8080-exec-3] ERROR (DaoReportService.java:119) - Cannot invoke "ua.epam.models.entities.report.IReport.getName()" because "entity" is null
  2022-05-27 16:44:02,666 [main] INFO  (ContextListener.java:24) - Context listener start working
  2022-05-27 16:44:33,078 [http-nio-8080-exec-2] DEBUG (LogoutCommand.java:19) - Logout finished
  2022-05-27 16:45:26,773 [main] INFO  (ContextListener.java:24) - Context listener start working
  2022-05-27 16:48:33,569 [main] INFO  (ContextListener.java:24) - Context listener start working
  2022-05-27 16:51:10,310 [main] INFO  (ContextListener.java:24) - Context listener start working
  2022-05-27 16:51:36,649 [main] INFO  (ContextListener.java:24) - Context listener start working
  2022-05-27 16:59:28,878 [main] INFO  (ContextListener.java:24) - Context listener start working
  2022-05-27 16:59:57,255 [main] INFO  (ContextListener.java:24) - Context listener start working
  2022-05-27 17:00:21,535 [http-nio-8080-exec-1] ERROR (EventDao.java:85) - Column 'sub_user_id' not found.
  2022-05-27 17:00:48,862 [main] INFO  (ContextListener.java:24) - Context listener start working
  2022-05-27 17:00:56,825 [main] INFO  (ContextListener.java:24) - Context listener start working
  2022-05-27 17:01:22,685 [http-nio-8080-exec-2] DEBUG (LogoutCommand.java:19) - Logout finished
  2022-05-27 17:03:26,058 [main] INFO  (ContextListener.java:24) - Context listener start working
  2022-05-27 17:03:31,168 [http-nio-8080-exec-2] DEBUG (LogoutCommand.java:19) - Logout finished
  2022-05-27 17:04:12,645 [main] INFO  (ContextListener.java:24) - Context listener start working
  2022-05-27 17:04:17,805 [main] INFO  (ContextListener.java:24) - Context listener start working
  2022-05-27 17:04:19,296 [http-nio-8080-exec-1] ERROR (Controller.java:35) - Произошла ошибка при обработке [/WEB-INF/view/moderator/eventInfo.jsp] в строке [114]

111: 
112:         <tr>
113:             <ul>
114:                 <td><c:out value="${requestScope.event.reports.id}"/></td>
115:                 <td><c:out value="${requestScope.event.reports.name}"/></td>
116:                 <td><c:out value="${requestScope.event.reports.speaker.name}"/>
117:                     <c:out value="${requestScope.event.reports.speaker.surname}"/></td>


Stacktrace:
  2022-05-27 17:06:05,604 [main] INFO  (ContextListener.java:24) - Context listener start working
  2022-05-27 17:06:11,959 [http-nio-8080-exec-4] ERROR (Controller.java:35) - Произошла ошибка при обработке [/WEB-INF/view/moderator/eventInfo.jsp] в строке [102]

99: </table>
100: 
101: 
102: <c:forEach var="user" items="${requestScope.event.reports.speaker}">
103:     <tr>
104:         <ul>
105:             <td><c:out value="${user.login}"/></td>


Stacktrace:
  2022-05-27 17:07:45,426 [main] INFO  (ContextListener.java:24) - Context listener start working
  2022-05-27 17:08:16,403 [http-nio-8080-exec-1] ERROR (Controller.java:35) - Произошла ошибка при обработке [WEB-INF/view/moderator/eventInfo.jsp] в строке [102]

99: </table>
100: 
101: 
102: <c:forEach var="user" items="${requestScope.event.reports.speaker}">
103:     <tr>
104:         <ul>
105:             <td><c:out value="${user.login}"/></td>


Stacktrace:
  2022-05-27 17:13:05,135 [main] INFO  (ContextListener.java:24) - Context listener start working
  2022-05-27 17:13:06,647 [http-nio-8080-exec-2] ERROR (Controller.java:35) - Произошла ошибка при обработке [/WEB-INF/view/moderator/eventInfo.jsp] в строке [111]

108:             <th>report name</th>
109:             <th>speaker</th>
110:     </tr>
111: <c:forEach var="event" items="${requestScope.event}">
112:         <tr>
113:             <ul>
114:                 <td><c:out value="${event.reports.id}"/></td>


Stacktrace:
  2022-05-27 17:13:28,114 [main] INFO  (ContextListener.java:24) - Context listener start working
  2022-05-27 17:13:32,608 [http-nio-8080-exec-2] ERROR (Controller.java:35) - Произошла ошибка при обработке [WEB-INF/view/moderator/eventInfo.jsp] в строке [111]

108:             <th>report name</th>
109:             <th>speaker</th>
110:     </tr>
111: <c:forEach var="event" items="${requestScope.event}">
112:         <tr>
113:             <ul>
114:                 <td><c:out value="${event.reports.id}"/></td>


Stacktrace:
  2022-05-27 17:14:30,356 [main] INFO  (ContextListener.java:24) - Context listener start working
  2022-05-27 17:14:51,580 [http-nio-8080-exec-1] ERROR (Controller.java:35) - Произошла ошибка при обработке [WEB-INF/view/moderator/eventInfo.jsp] в строке [111]

108:             <th>report name</th>
109:             <th>speaker</th>
110:     </tr>
111: <c:forEach var="event" items="${requestScope.event}">
112:         <tr>
113:             <ul>
114:                 <td><c:out value="${event.reports.id}"/></td>


Stacktrace:
  2022-05-27 17:14:56,065 [main] INFO  (ContextListener.java:24) - Context listener start working
  2022-05-27 17:15:09,902 [http-nio-8080-exec-1] ERROR (Controller.java:35) - Произошла ошибка при обработке [WEB-INF/view/moderator/eventInfo.jsp] в строке [111]

108:             <th>report name</th>
109:             <th>speaker</th>
110:     </tr>
111: <c:forEach var="event" items="${requestScope.event}">
112:         <tr>
113:             <ul>
114:                 <td><c:out value="${event.reports.id}"/></td>


Stacktrace:
  2022-05-27 17:15:37,206 [main] INFO  (ContextListener.java:24) - Context listener start working
  2022-05-27 17:18:19,192 [main] INFO  (ContextListener.java:24) - Context listener start working
  2022-05-27 17:18:45,824 [main] INFO  (ContextListener.java:24) - Context listener start working
  2022-05-27 17:18:47,408 [http-nio-8080-exec-1] ERROR (Controller.java:35) - Произошла ошибка при обработке [/WEB-INF/view/moderator/eventInfo.jsp] в строке [115]

112:     <c:forEach var="event" items="${requestScope.event.reports}">
113:         <tr>
114:             <ul>
115:                 <td><c:out value="${event.reports.id}"/></td>
116:                 <td><c:out value="${event.reports.name}"/></td>
117:                 <td><c:out value="${event.reports.speaker.name}"/>
118:                     <c:out value="${event.reports.speaker.surname}"/></td>


Stacktrace:
  2022-05-27 17:19:20,292 [main] INFO  (ContextListener.java:24) - Context listener start working
  2022-05-27 17:20:01,554 [main] INFO  (ContextListener.java:24) - Context listener start working
  2022-05-27 17:21:33,834 [main] INFO  (ContextListener.java:24) - Context listener start working
  2022-05-27 17:24:01,910 [main] INFO  (ContextListener.java:24) - Context listener start working
  2022-05-27 17:25:06,284 [main] INFO  (ContextListener.java:24) - Context listener start working
  2022-05-27 17:25:40,649 [http-nio-8080-exec-4] ERROR (AuthFilter.java:69) - For input string: ""
  2022-05-27 17:28:06,144 [main] INFO  (ContextListener.java:24) - Context listener start working
  2022-05-27 17:28:09,020 [http-nio-8080-exec-1] ERROR (AuthFilter.java:69) - For input string: ""
  2022-05-27 17:29:44,801 [main] INFO  (ContextListener.java:24) - Context listener start working
  2022-05-27 17:29:50,423 [http-nio-8080-exec-1] ERROR (Controller.java:35) - javax.el.PropertyNotFoundException: Свойство [report] не найдено в типе [ua.epam.models.entities.event.Event]
  2022-05-27 17:30:16,138 [main] INFO  (ContextListener.java:24) - Context listener start working
  2022-05-27 17:32:19,921 [main] INFO  (ContextListener.java:24) - Context listener start working
  2022-05-27 17:32:28,642 [main] INFO  (ContextListener.java:24) - Context listener start working
  2022-05-27 17:33:10,171 [main] INFO  (ContextListener.java:24) - Context listener start working
  2022-05-27 17:34:12,011 [main] INFO  (ContextListener.java:24) - Context listener start working
  2022-05-27 17:34:39,465 [main] INFO  (ContextListener.java:24) - Context listener start working
  2022-05-27 17:35:14,427 [main] INFO  (ContextListener.java:24) - Context listener start working
  2022-05-27 17:35:35,022 [main] INFO  (ContextListener.java:24) - Context listener start working
  2022-05-27 17:36:55,763 [main] INFO  (ContextListener.java:24) - Context listener start working
  2022-05-27 17:36:56,678 [main] INFO  (ContextListener.java:24) - Context listener start working
  2022-05-27 17:37:01,636 [main] INFO  (ContextListener.java:24) - Context listener start working
  2022-05-27 17:37:02,284 [http-nio-8080-exec-2] DEBUG (LogoutCommand.java:19) - Logout finished
  2022-05-27 17:37:06,719 [http-nio-8080-exec-4] ERROR (AuthFilter.java:69) - Cannot parse null string
  2022-05-27 17:37:13,542 [main] INFO  (ContextListener.java:24) - Context listener start working
  2022-05-27 17:37:42,251 [main] INFO  (ContextListener.java:24) - Context listener start working
  2022-05-27 17:39:16,463 [main] INFO  (ContextListener.java:24) - Context listener start working
  2022-05-27 17:39:19,155 [http-nio-8080-exec-1] ERROR (AuthFilter.java:69) - Cannot parse null string
  2022-05-27 17:41:13,255 [main] INFO  (ContextListener.java:24) - Context listener start working
  2022-05-27 17:41:49,563 [main] INFO  (ContextListener.java:24) - Context listener start working
  2022-05-27 17:42:04,263 [main] INFO  (ContextListener.java:24) - Context listener start working
  2022-05-27 21:41:43,097 [main] INFO  (ContextListener.java:24) - Context listener start working
  2022-05-27 23:02:33,435 [main] INFO  (ContextListener.java:24) - Context listener start working
  2022-05-27 23:06:13,761 [main] INFO  (ContextListener.java:24) - Context listener start working
  2022-05-27 23:07:08,307 [http-nio-8080-exec-8] DEBUG (LogoutCommand.java:19) - Logout finished
  2022-05-27 23:07:19,869 [http-nio-8080-exec-10] DEBUG (LogoutCommand.java:19) - Logout finished
  2022-05-27 23:08:35,327 [main] INFO  (ContextListener.java:24) - Context listener start working
  2022-05-27 23:11:09,319 [main] INFO  (ContextListener.java:24) - Context listener start working
  2022-05-27 23:16:31,101 [main] INFO  (ContextListener.java:24) - Context listener start working
  