2022-05-26 19:42:32,724 [main] INFO  (ContextListener.java:24) - Context listener start working
  2022-05-26 19:42:35,604 [http-nio-8080-exec-3] ERROR (DaoEventService.java:63) - Cannot parse null string
  2022-05-26 19:42:35,720 [http-nio-8080-exec-3] ERROR (Controller.java:35) - Произошла ошибка при обработке [WEB-INF/view/moderator/moderator_menu.jsp] в строке [94]

91:                 <ul>
92:                     <td><c:out value="${entity.name}"/></td>
93: 
94:                     <td><c:out value="${entity.dateBegin}"/>
95:                     <c:out value="${entity.timeBegin}"/></td>
96: 
97: 


Stacktrace:
  2022-05-26 19:52:04,783 [main] INFO  (ContextListener.java:24) - Context listener start working
  2022-05-26 19:52:20,650 [http-nio-8080-exec-1] ERROR (DaoEventService.java:63) - Cannot parse null string
  2022-05-26 19:52:22,319 [http-nio-8080-exec-1] ERROR (Controller.java:35) - Произошла ошибка при обработке [WEB-INF/view/moderator/moderator_menu.jsp] в строке [94]

91:                 <ul>
92:                     <td><c:out value="${entity.name}"/></td>
93: 
94:                     <td><c:out value="${entity.dateBegin}"/>
95:                     <c:out value="${entity.timeBegin}"/></td>
96: 
97: 


Stacktrace:
  2022-05-26 19:55:25,411 [main] INFO  (ContextListener.java:24) - Context listener start working
  2022-05-26 20:00:04,990 [main] INFO  (ContextListener.java:24) - Context listener start working
  2022-05-26 20:02:05,817 [main] INFO  (ContextListener.java:24) - Context listener start working
  2022-05-26 20:02:09,402 [http-nio-8080-exec-3] ERROR (DaoEventService.java:63) - Cannot invoke "java.lang.Integer.intValue()"
  2022-05-26 20:02:09,527 [http-nio-8080-exec-3] ERROR (Controller.java:35) - Произошла ошибка при обработке [WEB-INF/view/moderator/moderator_menu.jsp] в строке [94]

91:                 <ul>
92:                     <td><c:out value="${entity.name}"/></td>
93: 
94:                     <td><c:out value="${entity.dateBegin}"/>
95:                     <c:out value="${entity.timeBegin}"/></td>
96: 
97: 


Stacktrace:
  2022-05-26 20:04:02,991 [main] INFO  (ContextListener.java:24) - Context listener start working
  2022-05-26 20:05:25,180 [main] INFO  (ContextListener.java:24) - Context listener start working
  2022-05-26 20:05:45,427 [http-nio-8080-exec-1] ERROR (Controller.java:35) - Произошла ошибка при обработке [WEB-INF/view/moderator/moderator_menu.jsp] в строке [94]

91:                 <ul>
92:                     <td><c:out value="${entity.name}"/></td>
93: 
94:                     <td><c:out value="${entity.dateBegin}"/>
95:                     <c:out value="${entity.timeBegin}"/></td>
96: 
97: 


Stacktrace:
  2022-05-26 20:05:45,428 [http-nio-8080-exec-2] ERROR (Controller.java:35) - Произошла ошибка при обработке [WEB-INF/view/moderator/moderator_menu.jsp] в строке [94]

91:                 <ul>
92:                     <td><c:out value="${entity.name}"/></td>
93: 
94:                     <td><c:out value="${entity.dateBegin}"/>
95:                     <c:out value="${entity.timeBegin}"/></td>
96: 
97: 


Stacktrace:
  2022-05-26 20:05:52,771 [main] INFO  (ContextListener.java:24) - Context listener start working
  2022-05-26 20:05:55,859 [http-nio-8080-exec-3] ERROR (Controller.java:35) - Произошла ошибка при обработке [WEB-INF/view/moderator/moderator_menu.jsp] в строке [94]

91:                 <ul>
92:                     <td><c:out value="${entity.name}"/></td>
93: 
94:                     <td><c:out value="${entity.dateBegin}"/>
95:                     <c:out value="${entity.timeBegin}"/></td>
96: 
97: 


Stacktrace:
  2022-05-26 20:06:10,165 [http-nio-8080-exec-6] ERROR (Controller.java:35) - Произошла ошибка при обработке [WEB-INF/view/moderator/moderator_menu.jsp] в строке [94]

91:                 <ul>
92:                     <td><c:out value="${entity.name}"/></td>
93: 
94:                     <td><c:out value="${entity.dateBegin}"/>
95:                     <c:out value="${entity.timeBegin}"/></td>
96: 
97: 


Stacktrace:
  2022-05-26 20:16:06,473 [main] INFO  (ContextListener.java:24) - Context listener start working
  2022-05-26 20:16:17,035 [http-nio-8080-exec-5] ERROR (Controller.java:35) - Произошла ошибка при обработке [/WEB-INF/view/moderator/moderator_menu.jsp] в строке [95]

92:                     <td><c:out value="${entity.name}"/></td>
93: 
94:                     <td>
95:                     <c:out value="${entity.timeBegin}"/></td>
96: 
97: 
98:                     <td>


Stacktrace:
  2022-05-26 20:16:43,664 [main] INFO  (ContextListener.java:24) - Context listener start working
  2022-05-26 20:17:47,325 [main] INFO  (ContextListener.java:24) - Context listener start working
  2022-05-26 20:18:05,244 [http-nio-8080-exec-3] ERROR (Controller.java:35) - Произошла ошибка при обработке [/WEB-INF/view/moderator/moderator_menu.jsp] в строке [94]

91:                 <ul>
92:                     <td><c:out value="${entity.name}"/></td>
93: 
94:                     <td><c:out value="${entity.dateBegin}"/>
95:                     <c:out value="${entity.timeBegin}"/></td>
96: 
97: 


Stacktrace:
  2022-05-26 20:18:27,329 [main] INFO  (ContextListener.java:24) - Context listener start working
  2022-05-26 20:19:02,898 [http-nio-8080-exec-3] ERROR (Controller.java:35) - Произошла ошибка при обработке [WEB-INF/view/moderator/moderator_menu.jsp] в строке [94]

91:                 <ul>
92:                     <td><c:out value="${entity.name}"/></td>
93: 
94:                     <td><c:out value="${entity.dateBegin}"/>
95:                     <c:out value="${entity.timeBegin}"/></td>
96: 
97: 


Stacktrace:
  2022-05-26 20:20:15,459 [main] INFO  (ContextListener.java:24) - Context listener start working
  2022-05-26 20:20:16,106 [main] INFO  (ContextListener.java:24) - Context listener start working
  2022-05-26 20:20:30,470 [main] INFO  (ContextListener.java:24) - Context listener start working
  2022-05-26 20:20:38,636 [http-nio-8080-exec-5] ERROR (Controller.java:35) - Произошла ошибка при обработке [WEB-INF/view/moderator/moderator_menu.jsp] в строке [94]

91:                 <ul>
92:                     <td><c:out value="${entity.name}"/></td>
93: 
94:                     <td><c:out value="${entity.dateBegin}"/>
95:                     <c:out value="${entity.timeBegin}"/></td>
96: 
97: 


Stacktrace:
  2022-05-26 20:22:02,651 [main] INFO  (ContextListener.java:24) - Context listener start working
  2022-05-26 20:22:33,488 [main] INFO  (ContextListener.java:24) - Context listener start working
  2022-05-26 20:27:49,432 [main] INFO  (ContextListener.java:24) - Context listener start working
  2022-05-26 20:28:20,381 [main] INFO  (ContextListener.java:24) - Context listener start working
  2022-05-26 20:29:26,169 [main] INFO  (ContextListener.java:24) - Context listener start working
  2022-05-26 23:56:38,630 [main] INFO  (ContextListener.java:24) - Context listener start working
  